TN:
SF:/Users/frank/Astarisx/astarisx/test/CVM_basic.spec.js
FN:13,(anonymous_1)
FN:20,(anonymous_2)
FN:22,(anonymous_3)
FN:29,(anonymous_4)
FN:33,(anonymous_5)
FN:35,(anonymous_6)
FN:39,(anonymous_7)
FN:42,(anonymous_8)
FN:46,(anonymous_9)
FN:62,(anonymous_10)
FN:64,(anonymous_11)
FN:72,(anonymous_12)
FN:76,(anonymous_13)
FN:78,(anonymous_14)
FN:86,(anonymous_15)
FN:90,(anonymous_16)
FN:96,(anonymous_17)
FN:98,(anonymous_18)
FN:107,(anonymous_19)
FN:111,(anonymous_20)
FN:113,(anonymous_21)
FN:126,(anonymous_22)
FN:130,(anonymous_23)
FN:134,(anonymous_24)
FN:138,(anonymous_25)
FN:143,(anonymous_26)
FN:147,(anonymous_27)
FN:151,(anonymous_28)
FN:155,(anonymous_29)
FNF:29
FNH:29
FNDA:5,(anonymous_1)
FNDA:1,(anonymous_2)
FNDA:1,(anonymous_3)
FNDA:1,(anonymous_4)
FNDA:1,(anonymous_5)
FNDA:1,(anonymous_6)
FNDA:1,(anonymous_7)
FNDA:1,(anonymous_8)
FNDA:1,(anonymous_9)
FNDA:1,(anonymous_10)
FNDA:1,(anonymous_11)
FNDA:1,(anonymous_12)
FNDA:1,(anonymous_13)
FNDA:1,(anonymous_14)
FNDA:1,(anonymous_15)
FNDA:1,(anonymous_16)
FNDA:1,(anonymous_17)
FNDA:1,(anonymous_18)
FNDA:1,(anonymous_19)
FNDA:1,(anonymous_20)
FNDA:1,(anonymous_21)
FNDA:1,(anonymous_22)
FNDA:1,(anonymous_23)
FNDA:1,(anonymous_24)
FNDA:1,(anonymous_25)
FNDA:1,(anonymous_26)
FNDA:1,(anonymous_27)
FNDA:1,(anonymous_28)
FNDA:1,(anonymous_29)
DA:1,1
DA:2,1
DA:3,1
DA:4,1
DA:5,1
DA:6,1
DA:8,1
DA:11,1
DA:14,5
DA:18,1
DA:20,1
DA:21,1
DA:22,1
DA:24,1
DA:29,1
DA:30,1
DA:33,1
DA:35,1
DA:36,1
DA:37,1
DA:39,1
DA:40,1
DA:42,1
DA:43,1
DA:46,1
DA:47,1
DA:48,1
DA:49,1
DA:50,1
DA:51,1
DA:52,1
DA:54,1
DA:55,1
DA:56,1
DA:62,1
DA:63,1
DA:64,1
DA:66,1
DA:72,1
DA:73,1
DA:76,1
DA:78,1
DA:79,1
DA:80,1
DA:81,1
DA:82,1
DA:83,1
DA:86,1
DA:87,1
DA:90,1
DA:91,1
DA:96,1
DA:97,1
DA:98,1
DA:100,1
DA:107,1
DA:108,1
DA:111,1
DA:113,1
DA:114,1
DA:115,1
DA:116,1
DA:117,1
DA:118,1
DA:119,1
DA:120,1
DA:121,1
DA:122,1
DA:126,1
DA:127,1
DA:130,1
DA:131,1
DA:134,1
DA:135,1
DA:138,1
DA:139,1
DA:140,1
DA:143,1
DA:144,1
DA:147,1
DA:148,1
DA:151,1
DA:152,1
DA:155,1
DA:156,1
LF:85
LH:85
BRF:0
BRH:0
end_of_record
TN:
SF:/Users/frank/Astarisx/astarisx/src/core.js
FN:16,(anonymous_1)
FN:17,(anonymous_2)
FN:18,(anonymous_3)
FN:29,(anonymous_4)
FN:31,(anonymous_5)
FN:37,(anonymous_6)
FN:53,(anonymous_7)
FN:152,(anonymous_8)
FN:155,(anonymous_9)
FN:218,(anonymous_10)
FN:229,(anonymous_11)
FN:245,(anonymous_12)
FN:250,(anonymous_13)
FNF:13
FNH:13
FNDA:3,(anonymous_1)
FNDA:3,(anonymous_2)
FNDA:8,(anonymous_3)
FNDA:14,(anonymous_4)
FNDA:629,(anonymous_5)
FNDA:629,(anonymous_6)
FNDA:745,(anonymous_7)
FNDA:60,(anonymous_8)
FNDA:2,(anonymous_9)
FNDA:50,(anonymous_10)
FNDA:5,(anonymous_11)
FNDA:17,(anonymous_12)
FNDA:239,(anonymous_13)
DA:1,1
DA:2,1
DA:3,1
DA:4,1
DA:6,1
DA:8,1
DA:9,1
DA:10,1
DA:11,1
DA:12,1
DA:13,1
DA:16,1
DA:17,1
DA:18,1
DA:20,1
DA:21,1
DA:22,1
DA:24,1
DA:25,1
DA:26,1
DA:28,1
DA:31,14
DA:32,14
DA:33,14
DA:35,14
DA:37,14
DA:38,629
DA:39,629
DA:42,14
DA:43,14
DA:45,14
DA:47,14
DA:48,14
DA:50,14
DA:51,14
DA:53,14
DA:54,745
DA:67,745
DA:68,657
DA:70,88
DA:71,88
DA:73,88
DA:74,7
DA:75,7
DA:76,7
DA:77,14
DA:78,0
DA:83,14
DA:84,14
DA:89,0
DA:90,0
DA:91,0
DA:93,0
DA:94,0
DA:99,7
DA:100,0
DA:101,0
DA:102,0
DA:104,0
DA:105,0
DA:107,0
DA:111,7
DA:112,0
DA:113,0
DA:118,0
DA:120,0
DA:121,0
DA:123,0
DA:128,7
DA:129,7
DA:133,88
DA:134,866
DA:135,866
DA:137,561
DA:138,561
DA:139,560
DA:140,1
DA:141,1
DA:142,1
DA:144,559
DA:147,561
DA:149,60
DA:150,60
DA:152,60
DA:153,60
DA:156,2
DA:161,60
DA:162,60
DA:164,501
DA:165,2
DA:166,2
DA:167,2
DA:170,501
DA:173,4
DA:174,4
DA:175,4
DA:176,4
DA:177,4
DA:180,501
DA:181,428
DA:182,152
DA:183,276
DA:191,273
DA:192,273
DA:194,3
DA:195,1
DA:196,1
DA:197,1
DA:198,2
DA:201,0
DA:204,428
DA:207,561
DA:209,305
DA:211,211
DA:217,88
DA:218,25
DA:219,50
DA:223,88
DA:225,3
DA:226,1
DA:227,1
DA:228,1
DA:230,5
DA:231,5
DA:232,18
DA:233,3
DA:234,3
DA:237,5
DA:244,3
DA:246,17
DA:250,3
DA:251,239
DA:256,88
DA:267,88
DA:269,14
DA:273,1
DA:274,1
DA:275,1
DA:277,1
LF:139
LH:120
BRDA:67,1,0,657
BRDA:67,1,1,88
BRDA:73,2,0,7
BRDA:73,2,1,81
BRDA:77,3,0,0
BRDA:77,3,1,14
BRDA:83,4,0,14
BRDA:83,4,1,0
BRDA:83,5,0,14
BRDA:83,5,1,0
BRDA:83,5,2,14
BRDA:89,6,0,0
BRDA:89,6,1,0
BRDA:90,7,0,0
BRDA:90,7,1,0
BRDA:93,8,0,0
BRDA:93,8,1,0
BRDA:100,9,0,0
BRDA:100,9,1,0
BRDA:101,10,0,0
BRDA:101,10,1,0
BRDA:101,11,0,0
BRDA:101,11,1,0
BRDA:104,12,0,0
BRDA:104,12,1,0
BRDA:112,13,0,0
BRDA:112,13,1,0
BRDA:113,14,0,0
BRDA:113,14,1,0
BRDA:113,15,0,0
BRDA:113,15,1,0
BRDA:120,16,0,0
BRDA:120,16,1,0
BRDA:134,17,0,866
BRDA:134,17,1,0
BRDA:135,18,0,561
BRDA:135,18,1,305
BRDA:135,19,0,866
BRDA:135,19,1,305
BRDA:138,20,0,560
BRDA:138,20,1,1
BRDA:139,21,0,1
BRDA:139,21,1,559
BRDA:139,22,0,560
BRDA:139,22,1,24
BRDA:141,23,0,1
BRDA:141,23,1,1
BRDA:147,24,0,60
BRDA:147,24,1,501
BRDA:147,25,0,561
BRDA:147,25,1,70
BRDA:149,26,0,60
BRDA:149,26,1,0
BRDA:149,27,0,60
BRDA:149,27,1,60
BRDA:164,28,0,2
BRDA:164,28,1,499
BRDA:164,29,0,501
BRDA:164,29,1,25
BRDA:165,30,0,2
BRDA:165,30,1,2
BRDA:170,31,0,4
BRDA:170,31,1,497
BRDA:170,32,0,501
BRDA:170,32,1,25
BRDA:170,32,2,4
BRDA:175,33,0,4
BRDA:175,33,1,1
BRDA:180,34,0,428
BRDA:180,34,1,73
BRDA:181,35,0,152
BRDA:181,35,1,276
BRDA:183,36,0,273
BRDA:183,36,1,3
BRDA:183,37,0,276
BRDA:183,37,1,269
BRDA:183,37,2,230
BRDA:183,37,3,206
BRDA:183,37,4,182
BRDA:183,37,5,158
BRDA:183,37,6,51
BRDA:183,37,7,27
BRDA:191,38,0,273
BRDA:191,38,1,62
BRDA:194,39,0,1
BRDA:194,39,1,2
BRDA:194,40,0,3
BRDA:194,40,1,1
BRDA:195,41,0,1
BRDA:195,41,1,1
BRDA:198,42,0,2
BRDA:198,42,1,0
BRDA:198,43,0,2
BRDA:198,43,1,2
BRDA:209,44,0,211
BRDA:209,44,1,94
BRDA:209,45,0,305
BRDA:209,45,1,277
BRDA:209,45,2,233
BRDA:209,45,3,211
BRDA:209,45,4,211
BRDA:217,46,0,25
BRDA:217,46,1,63
BRDA:223,47,0,3
BRDA:223,47,1,85
BRDA:225,48,0,1
BRDA:225,48,1,2
BRDA:227,49,0,1
BRDA:227,49,1,0
BRDA:232,50,0,3
BRDA:232,50,1,15
BRDA:246,51,0,6
BRDA:246,51,1,11
BRDA:251,52,0,239
BRDA:251,52,1,227
BRDA:259,53,0,88
BRDA:259,53,1,0
BRF:117
BRH:87
end_of_record
TN:
SF:/Users/frank/Astarisx/astarisx/src/model.js
FN:11,(anonymous_1)
FN:15,(anonymous_2)
FN:88,(anonymous_3)
FNF:3
FNH:3
FNDA:544,(anonymous_1)
FNDA:544,(anonymous_2)
FNDA:136,(anonymous_3)
DA:2,1
DA:3,1
DA:4,1
DA:5,1
DA:6,1
DA:7,1
DA:9,1
DA:13,544
DA:15,544
DA:16,544
DA:20,544
DA:22,544
DA:23,235
DA:24,235
DA:25,168
DA:26,168
DA:31,544
DA:38,544
DA:39,544
DA:43,544
DA:44,130
DA:45,1170
DA:47,130
DA:48,130
DA:50,1040
DA:52,130
DA:53,910
DA:55,130
DA:56,780
DA:59,520
DA:60,0
DA:62,520
DA:64,130
DA:65,390
DA:67,130
DA:70,260
DA:76,544
DA:83,544
DA:84,136
DA:89,136
DA:93,544
DA:95,544
DA:100,1
LF:43
LH:42
BRDA:22,1,0,235
BRDA:22,1,1,309
BRDA:24,2,0,168
BRDA:24,2,1,67
BRDA:24,3,0,235
BRDA:24,3,1,235
BRDA:38,4,0,544
BRDA:38,4,1,0
BRDA:43,5,0,130
BRDA:43,5,1,414
BRDA:45,6,0,130
BRDA:45,6,1,1040
BRDA:47,7,0,130
BRDA:47,7,1,0
BRDA:50,8,0,130
BRDA:50,8,1,910
BRDA:53,9,0,130
BRDA:53,9,1,780
BRDA:56,10,0,520
BRDA:56,10,1,260
BRDA:59,11,0,0
BRDA:59,11,1,520
BRDA:62,12,0,130
BRDA:62,12,1,390
BRDA:65,13,0,130
BRDA:65,13,1,260
BRDA:83,14,0,136
BRDA:83,14,1,408
BRF:28
BRH:25
end_of_record
TN:
SF:/Users/frank/Astarisx/astarisx/src/utils.js
FN:4,(anonymous_1)
FN:17,(anonymous_2)
FN:25,(anonymous_3)
FN:57,(anonymous_4)
FN:67,(anonymous_5)
FN:68,mergedResult
FN:73,(anonymous_7)
FN:74,chainedFunction
FN:81,(anonymous_9)
FN:96,(anonymous_10)
FN:99,(anonymous_11)
FN:102,(anonymous_12)
FN:108,(anonymous_13)
FN:114,(anonymous_14)
FN:120,(anonymous_15)
FN:145,(anonymous_16)
FNF:16
FNH:11
FNDA:2399,(anonymous_1)
FNDA:12,(anonymous_2)
FNDA:10,(anonymous_3)
FNDA:3,(anonymous_4)
FNDA:0,(anonymous_5)
FNDA:0,mergedResult
FNDA:0,(anonymous_7)
FNDA:0,chainedFunction
FNDA:25,(anonymous_9)
FNDA:33408,(anonymous_10)
FNDA:21628,(anonymous_11)
FNDA:4061,(anonymous_12)
FNDA:0,(anonymous_13)
FNDA:73,(anonymous_14)
FNDA:504,(anonymous_15)
FNDA:9474,(anonymous_16)
DA:1,1
DA:2,1
DA:5,2399
DA:6,2399
DA:7,4065
DA:8,4065
DA:9,0
DA:11,4065
DA:12,16435
DA:13,13701
DA:16,4065
DA:17,239
DA:18,12
DA:22,2399
DA:26,10
DA:27,10
DA:33,10
DA:39,10
DA:40,29
DA:41,29
DA:42,35
DA:43,13
DA:44,13
DA:45,13
DA:46,3
DA:49,0
DA:54,10
DA:58,3
DA:59,3
DA:60,3
DA:61,0
DA:63,3
DA:68,0
DA:69,0
DA:74,0
DA:75,0
DA:76,0
DA:83,25
DA:84,25
DA:86,25
DA:87,800
DA:88,800
DA:89,100
DA:91,800
DA:94,25
DA:97,33408
DA:100,21628
DA:103,4061
DA:104,174
DA:106,3887
DA:109,0
DA:110,0
DA:112,0
DA:115,73
DA:116,0
DA:118,73
DA:121,504
DA:122,230
DA:123,154
DA:125,230
DA:126,460
DA:127,460
DA:128,230
DA:132,274
DA:133,252
DA:134,176
DA:136,252
DA:137,690
DA:138,460
DA:139,308
DA:146,9474
DA:147,6900
DA:148,4620
DA:150,6900
DA:151,11040
DA:152,11040
DA:153,4140
DA:157,2574
DA:158,2552
DA:159,1716
DA:161,2552
DA:162,5290
DA:163,4830
DA:170,1
LF:84
LH:72
BRDA:8,1,0,0
BRDA:8,1,1,4065
BRDA:12,2,0,13701
BRDA:12,2,1,2734
BRDA:16,3,0,239
BRDA:16,3,1,3826
BRDA:16,4,0,4065
BRDA:16,4,1,3797
BRDA:16,4,2,239
BRDA:42,5,0,13
BRDA:42,5,1,22
BRDA:42,6,0,35
BRDA:42,6,1,35
BRDA:43,7,0,13
BRDA:43,7,1,0
BRDA:45,8,0,3
BRDA:45,8,1,10
BRDA:60,9,0,0
BRDA:60,9,1,3
BRDA:88,10,0,100
BRDA:88,10,1,700
BRDA:88,11,0,800
BRDA:88,11,1,775
BRDA:88,11,2,750
BRDA:88,11,3,725
BRDA:91,12,0,25
BRDA:91,12,1,775
BRDA:91,13,0,25
BRDA:91,13,1,750
BRDA:103,14,0,174
BRDA:103,14,1,3887
BRDA:109,15,0,0
BRDA:109,15,1,0
BRDA:115,16,0,0
BRDA:115,16,1,73
BRDA:121,17,0,230
BRDA:121,17,1,274
BRDA:122,18,0,154
BRDA:122,18,1,76
BRDA:126,19,0,460
BRDA:126,19,1,0
BRDA:127,20,0,230
BRDA:127,20,1,230
BRDA:127,21,0,460
BRDA:127,21,1,460
BRDA:132,22,0,252
BRDA:132,22,1,22
BRDA:133,23,0,176
BRDA:133,23,1,76
BRDA:137,24,0,460
BRDA:137,24,1,230
BRDA:137,25,0,690
BRDA:137,25,1,460
BRDA:138,26,0,308
BRDA:138,26,1,152
BRDA:146,27,0,6900
BRDA:146,27,1,2574
BRDA:147,28,0,4620
BRDA:147,28,1,2280
BRDA:151,29,0,11040
BRDA:151,29,1,0
BRDA:152,30,0,4140
BRDA:152,30,1,6900
BRDA:152,31,0,11040
BRDA:152,31,1,8970
BRDA:157,32,0,2552
BRDA:157,32,1,22
BRDA:158,33,0,1716
BRDA:158,33,1,836
BRDA:162,34,0,4830
BRDA:162,34,1,460
BRDA:162,35,0,5290
BRDA:162,35,1,5060
BRF:73
BRH:65
end_of_record
TN:
SF:/Users/frank/Astarisx/astarisx/src/viewModel.js
FN:12,(anonymous_1)
FN:17,(anonymous_2)
FN:62,(anonymous_3)
FN:74,(anonymous_4)
FN:129,(anonymous_5)
FN:130,(anonymous_6)
FN:214,(anonymous_7)
FNF:7
FNH:7
FNDA:60,(anonymous_1)
FNDA:260,(anonymous_2)
FNDA:30,(anonymous_3)
FNDA:10,(anonymous_4)
FNDA:60,(anonymous_5)
FNDA:9,(anonymous_6)
FNDA:60,(anonymous_7)
DA:1,1
DA:2,1
DA:3,1
DA:4,1
DA:5,1
DA:6,1
DA:7,1
DA:9,1
DA:14,60
DA:15,60
DA:17,60
DA:20,260
DA:21,260
DA:23,260
DA:30,260
DA:37,260
DA:38,60
DA:41,60
DA:50,260
DA:51,260
DA:52,1283
DA:53,204
DA:54,30
DA:55,30
DA:56,30
DA:58,30
DA:63,30
DA:67,30
DA:74,30
DA:75,10
DA:76,10
DA:77,10
DA:78,5
DA:79,5
DA:80,5
DA:81,0
DA:82,0
DA:83,0
DA:86,10
DA:87,8
DA:89,2
DA:92,10
DA:93,10
DA:94,10
DA:98,10
DA:100,10
DA:102,7
DA:104,10
DA:107,30
DA:108,30
DA:109,270
DA:111,60
DA:112,60
DA:113,60
DA:115,60
DA:122,60
DA:129,60
DA:130,60
DA:131,9
DA:132,9
DA:133,9
DA:134,9
DA:136,9
DA:137,6
DA:138,6
DA:139,3
DA:140,0
DA:141,0
DA:142,0
DA:145,9
DA:146,6
DA:148,3
DA:151,9
DA:152,0
DA:153,0
DA:157,9
DA:158,9
DA:160,9
DA:162,6
DA:164,9
DA:167,60
DA:171,30
DA:173,1079
DA:175,117
DA:176,95
DA:178,962
DA:180,117
DA:181,845
DA:183,117
DA:187,728
DA:188,230
DA:190,728
DA:192,117
DA:193,611
DA:195,117
DA:198,494
DA:204,260
DA:211,260
DA:214,60
DA:215,60
DA:218,60
DA:223,1
LF:102
LH:94
BRDA:20,1,0,260
BRDA:20,1,1,120
BRDA:21,2,0,76
BRDA:21,2,1,184
BRDA:37,3,0,60
BRDA:37,3,1,200
BRDA:38,4,0,22
BRDA:38,4,1,38
BRDA:50,5,0,260
BRDA:50,5,1,0
BRDA:52,6,0,204
BRDA:52,6,1,1079
BRDA:53,7,0,30
BRDA:53,7,1,174
BRDA:77,8,0,5
BRDA:77,8,1,5
BRDA:80,9,0,0
BRDA:80,9,1,5
BRDA:86,10,0,8
BRDA:86,10,1,2
BRDA:86,11,0,10
BRDA:86,11,1,8
BRDA:92,12,0,10
BRDA:92,12,1,0
BRDA:100,13,0,7
BRDA:100,13,1,3
BRDA:100,14,0,10
BRDA:100,14,1,7
BRDA:107,15,0,30
BRDA:107,15,1,0
BRDA:107,16,0,30
BRDA:107,16,1,30
BRDA:109,17,0,60
BRDA:109,17,1,210
BRDA:109,18,0,270
BRDA:109,18,1,60
BRDA:134,19,0,9
BRDA:134,19,1,0
BRDA:136,20,0,6
BRDA:136,20,1,3
BRDA:139,21,0,0
BRDA:139,21,1,3
BRDA:145,22,0,6
BRDA:145,22,1,3
BRDA:145,23,0,9
BRDA:145,23,1,6
BRDA:151,24,0,0
BRDA:151,24,1,9
BRDA:160,25,0,6
BRDA:160,25,1,3
BRDA:160,26,0,9
BRDA:160,26,1,6
BRDA:173,27,0,117
BRDA:173,27,1,962
BRDA:175,28,0,95
BRDA:175,28,1,22
BRDA:178,29,0,117
BRDA:178,29,1,845
BRDA:181,30,0,117
BRDA:181,30,1,728
BRDA:187,31,0,230
BRDA:187,31,1,498
BRDA:190,32,0,117
BRDA:190,32,1,611
BRDA:193,33,0,117
BRDA:193,33,1,494
BRF:66
BRH:59
end_of_record
TN:
SF:/Users/frank/Astarisx/astarisx/src/controllerViewModel.js
FN:12,(anonymous_1)
FN:20,(anonymous_2)
FN:23,(anonymous_3)
FN:31,(anonymous_4)
FN:34,(anonymous_5)
FN:44,(anonymous_6)
FN:99,(anonymous_7)
FNF:7
FNH:7
FNDA:25,(anonymous_1)
FNDA:5,(anonymous_2)
FNDA:4,(anonymous_3)
FNDA:3,(anonymous_4)
FNDA:3,(anonymous_5)
FNDA:21,(anonymous_6)
FNDA:173,(anonymous_7)
DA:2,1
DA:3,1
DA:4,1
DA:5,1
DA:6,1
DA:7,1
DA:9,1
DA:14,25
DA:15,25
DA:16,25
DA:17,25
DA:20,25
DA:21,5
DA:22,5
DA:23,4
DA:24,4
DA:25,4
DA:28,5
DA:31,25
DA:32,3
DA:33,3
DA:34,3
DA:35,3
DA:36,3
DA:39,3
DA:40,3
DA:44,25
DA:46,21
DA:47,21
DA:48,21
DA:49,21
DA:51,21
DA:52,1
DA:54,20
DA:55,6
DA:57,20
DA:58,20
DA:59,29
DA:60,29
DA:61,11
DA:62,17
DA:63,17
DA:64,12
DA:66,5
DA:71,18
DA:77,21
DA:78,21
DA:79,43
DA:80,43
DA:82,42
DA:84,42
DA:85,42
DA:87,27
DA:89,27
DA:91,42
DA:93,42
DA:99,25
DA:102,173
DA:109,173
DA:111,173
DA:112,123
DA:114,2
DA:116,2
DA:122,2
DA:128,2
DA:134,2
DA:135,2
DA:144,123
DA:145,123
DA:147,0
DA:148,0
DA:149,0
DA:150,0
DA:156,173
DA:157,24
DA:159,16
DA:160,16
DA:161,16
DA:167,16
DA:174,8
DA:181,24
DA:183,6
DA:189,6
DA:196,18
DA:197,18
DA:198,18
DA:207,173
DA:209,50
DA:211,50
DA:212,1
DA:220,123
DA:221,25
DA:224,25
DA:230,25
DA:234,173
DA:235,5
DA:236,30
DA:238,5
DA:239,5
DA:241,25
DA:243,5
DA:244,20
DA:246,5
DA:247,15
DA:250,15
DA:251,0
DA:253,15
DA:255,5
DA:256,10
DA:258,5
DA:261,5
DA:267,173
DA:273,173
DA:275,25
DA:280,1
LF:115
LH:110
BRDA:22,1,0,4
BRDA:22,1,1,1
BRDA:28,2,0,5
BRDA:28,2,1,0
BRDA:33,3,0,3
BRDA:33,3,1,0
BRDA:39,4,0,3
BRDA:39,4,1,0
BRDA:51,5,0,1
BRDA:51,5,1,20
BRDA:54,6,0,6
BRDA:54,6,1,14
BRDA:60,7,0,11
BRDA:60,7,1,18
BRDA:62,8,0,17
BRDA:62,8,1,0
BRDA:63,9,0,12
BRDA:63,9,1,5
BRDA:66,10,0,5
BRDA:66,10,1,0
BRDA:77,11,0,6
BRDA:77,11,1,15
BRDA:79,12,0,43
BRDA:79,12,1,0
BRDA:80,13,0,42
BRDA:80,13,1,1
BRDA:80,14,0,43
BRDA:80,14,1,42
BRDA:84,15,0,42
BRDA:84,15,1,24
BRDA:85,16,0,27
BRDA:85,16,1,15
BRDA:85,17,0,42
BRDA:85,17,1,42
BRDA:85,17,2,42
BRDA:87,18,0,27
BRDA:87,18,1,22
BRDA:89,19,0,27
BRDA:89,19,1,0
BRDA:109,20,0,3
BRDA:109,20,1,170
BRDA:111,21,0,123
BRDA:111,21,1,50
BRDA:112,22,0,2
BRDA:112,22,1,121
BRDA:114,23,0,1
BRDA:114,23,1,1
BRDA:126,24,0,2
BRDA:126,24,1,0
BRDA:132,25,0,1
BRDA:132,25,1,1
BRDA:134,26,0,2
BRDA:134,26,1,0
BRDA:134,27,0,2
BRDA:134,27,1,2
BRDA:144,28,0,123
BRDA:144,28,1,0
BRDA:149,29,0,0
BRDA:149,29,1,0
BRDA:156,30,0,24
BRDA:156,30,1,149
BRDA:156,31,0,173
BRDA:156,31,1,152
BRDA:157,32,0,16
BRDA:157,32,1,8
BRDA:157,33,0,24
BRDA:157,33,1,18
BRDA:157,33,2,0
BRDA:157,33,3,0
BRDA:157,33,4,18
BRDA:157,33,5,18
BRDA:181,34,0,6
BRDA:181,34,1,18
BRDA:181,35,0,24
BRDA:181,35,1,8
BRDA:181,35,2,6
BRDA:181,35,3,6
BRDA:207,36,0,50
BRDA:207,36,1,123
BRDA:209,37,0,6
BRDA:209,37,1,44
BRDA:211,38,0,1
BRDA:211,38,1,49
BRDA:216,39,0,1
BRDA:216,39,1,1
BRDA:220,40,0,25
BRDA:220,40,1,98
BRDA:234,41,0,5
BRDA:234,41,1,168
BRDA:236,42,0,5
BRDA:236,42,1,25
BRDA:238,43,0,5
BRDA:238,43,1,0
BRDA:241,44,0,5
BRDA:241,44,1,20
BRDA:244,45,0,5
BRDA:244,45,1,15
BRDA:247,46,0,15
BRDA:247,46,1,0
BRDA:250,47,0,0
BRDA:250,47,1,15
BRDA:253,48,0,5
BRDA:253,48,1,10
BRDA:256,49,0,5
BRDA:256,49,1,5
BRF:105
BRH:88
end_of_record
TN:
SF:/Users/frank/Astarisx/astarisx/src/mixin.js
FN:6,(anonymous_1)
FN:9,(anonymous_2)
FN:17,(anonymous_3)
FN:24,(anonymous_4)
FN:28,(anonymous_5)
FN:34,(anonymous_6)
FN:39,(anonymous_7)
FN:44,(anonymous_8)
FN:49,(anonymous_9)
FN:54,(anonymous_10)
FN:57,(anonymous_11)
FN:63,(anonymous_12)
FN:72,(anonymous_13)
FN:80,(anonymous_14)
FN:117,(anonymous_15)
FN:120,(anonymous_16)
FN:152,(anonymous_17)
FN:159,(anonymous_18)
FN:164,(anonymous_19)
FN:171,(anonymous_20)
FN:178,(anonymous_21)
FN:183,(anonymous_22)
FNF:22
FNH:0
FNDA:0,(anonymous_1)
FNDA:0,(anonymous_2)
FNDA:0,(anonymous_3)
FNDA:0,(anonymous_4)
FNDA:0,(anonymous_5)
FNDA:0,(anonymous_6)
FNDA:0,(anonymous_7)
FNDA:0,(anonymous_8)
FNDA:0,(anonymous_9)
FNDA:0,(anonymous_10)
FNDA:0,(anonymous_11)
FNDA:0,(anonymous_12)
FNDA:0,(anonymous_13)
FNDA:0,(anonymous_14)
FNDA:0,(anonymous_15)
FNDA:0,(anonymous_16)
FNDA:0,(anonymous_17)
FNDA:0,(anonymous_18)
FNDA:0,(anonymous_19)
FNDA:0,(anonymous_20)
FNDA:0,(anonymous_21)
FNDA:0,(anonymous_22)
DA:1,1
DA:2,1
DA:4,1
DA:7,0
DA:10,0
DA:11,0
DA:13,0
DA:19,0
DA:26,0
DA:30,0
DA:35,0
DA:40,0
DA:45,0
DA:50,0
DA:55,0
DA:58,0
DA:64,0
DA:65,0
DA:73,0
DA:74,0
DA:75,0
DA:82,0
DA:83,0
DA:84,0
DA:87,0
DA:88,0
DA:89,0
DA:92,0
DA:93,0
DA:96,0
DA:99,0
DA:102,0
DA:105,0
DA:106,0
DA:107,0
DA:108,0
DA:110,0
DA:113,0
DA:118,0
DA:122,0
DA:123,0
DA:124,0
DA:125,0
DA:127,0
DA:128,0
DA:129,0
DA:130,0
DA:131,0
DA:132,0
DA:133,0
DA:134,0
DA:135,0
DA:136,0
DA:137,0
DA:138,0
DA:140,0
DA:151,1
DA:154,0
DA:161,0
DA:162,0
DA:166,0
DA:170,1
DA:173,0
DA:180,0
DA:181,0
DA:185,0
DA:189,1
DA:191,1
DA:198,1
DA:205,1
LF:70
LH:9
BRDA:10,1,0,0
BRDA:10,1,1,0
BRDA:64,2,0,0
BRDA:64,2,1,0
BRDA:65,3,0,0
BRDA:65,3,1,0
BRDA:74,4,0,0
BRDA:74,4,1,0
BRDA:82,5,0,0
BRDA:82,5,1,0
BRDA:83,6,0,0
BRDA:83,6,1,0
BRDA:83,7,0,0
BRDA:83,7,1,0
BRDA:83,7,2,0
BRDA:84,8,0,0
BRDA:84,8,1,0
BRDA:88,9,0,0
BRDA:88,9,1,0
BRDA:89,10,0,0
BRDA:89,10,1,0
BRDA:89,11,0,0
BRDA:89,11,1,0
BRDA:93,12,0,0
BRDA:93,12,1,0
BRDA:93,13,0,0
BRDA:93,13,1,0
BRDA:93,13,2,0
BRDA:96,14,0,0
BRDA:96,14,1,0
BRDA:99,15,0,0
BRDA:99,15,1,0
BRDA:102,16,0,0
BRDA:102,16,1,0
BRDA:108,17,0,0
BRDA:108,17,1,0
BRDA:108,18,0,0
BRDA:108,18,1,0
BRDA:108,18,2,0
BRDA:109,19,0,0
BRDA:109,19,1,0
BRDA:131,20,0,0
BRDA:131,20,1,0
BRDA:132,21,0,0
BRDA:132,21,1,0
BRDA:134,22,0,0
BRDA:134,22,1,0
BRDA:134,23,0,0
BRDA:134,23,1,0
BRDA:137,24,0,0
BRDA:137,24,1,0
BRF:51
BRH:0
end_of_record
TN:
SF:/Users/frank/Astarisx/astarisx/src/stateManager.js
FN:10,(anonymous_1)
FN:55,(anonymous_2)
FN:59,(anonymous_3)
FN:81,(anonymous_4)
FN:85,(anonymous_5)
FN:99,(anonymous_6)
FN:115,(anonymous_7)
FN:123,(anonymous_8)
FN:142,(anonymous_9)
FN:159,(anonymous_10)
FN:167,(anonymous_11)
FN:201,(anonymous_12)
FN:286,(anonymous_13)
FN:336,(anonymous_14)
FN:505,(anonymous_15)
FN:647,(anonymous_16)
FN:695,(anonymous_17)
FN:723,(anonymous_18)
FN:727,(anonymous_19)
FN:742,(anonymous_20)
FN:745,(anonymous_21)
FN:750,(anonymous_22)
FN:763,(anonymous_23)
FNF:23
FNH:7
FNDA:25,(anonymous_1)
FNDA:85,(anonymous_2)
FNDA:60,(anonymous_3)
FNDA:0,(anonymous_4)
FNDA:0,(anonymous_5)
FNDA:0,(anonymous_6)
FNDA:0,(anonymous_7)
FNDA:0,(anonymous_8)
FNDA:0,(anonymous_9)
FNDA:76,(anonymous_10)
FNDA:83,(anonymous_11)
FNDA:0,(anonymous_12)
FNDA:0,(anonymous_13)
FNDA:0,(anonymous_14)
FNDA:0,(anonymous_15)
FNDA:0,(anonymous_16)
FNDA:1,(anonymous_17)
FNDA:0,(anonymous_18)
FNDA:0,(anonymous_19)
FNDA:0,(anonymous_20)
FNDA:0,(anonymous_21)
FNDA:0,(anonymous_22)
FNDA:25,(anonymous_23)
DA:1,1
DA:2,1
DA:3,1
DA:4,1
DA:5,1
DA:6,1
DA:7,1
DA:8,1
DA:10,1
DA:12,25
DA:42,25
DA:43,25
DA:45,25
DA:46,25
DA:47,25
DA:48,25
DA:50,25
DA:51,25
DA:52,25
DA:53,25
DA:55,25
DA:56,85
DA:59,25
DA:60,60
DA:61,60
DA:62,0
DA:67,0
DA:77,0
DA:78,0
DA:79,0
DA:81,0
DA:82,0
DA:84,0
DA:85,0
DA:86,0
DA:89,0
DA:90,0
DA:91,0
DA:93,0
DA:96,0
DA:98,0
DA:99,0
DA:100,0
DA:103,0
DA:105,0
DA:106,0
DA:107,0
DA:110,0
DA:112,0
DA:114,0
DA:115,0
DA:116,0
DA:119,0
DA:122,0
DA:123,0
DA:124,0
DA:127,0
DA:129,0
DA:130,0
DA:131,0
DA:132,0
DA:134,0
DA:141,0
DA:142,0
DA:143,0
DA:147,0
DA:148,0
DA:149,0
DA:150,0
DA:154,0
DA:155,0
DA:158,60
DA:159,26
DA:160,76
DA:163,60
DA:167,25
DA:168,83
DA:190,83
DA:193,83
DA:194,32
DA:195,10
DA:196,10
DA:197,10
DA:198,10
DA:199,10
DA:200,0
DA:201,0
DA:202,0
DA:203,0
DA:205,0
DA:209,0
DA:210,0
DA:212,0
DA:216,10
DA:220,73
DA:221,17
DA:222,17
DA:223,17
DA:224,56
DA:225,0
DA:226,0
DA:227,0
DA:228,0
DA:229,56
DA:230,0
DA:231,0
DA:234,73
DA:235,28
DA:237,73
DA:238,73
DA:240,73
DA:244,73
DA:245,8
DA:246,8
DA:247,8
DA:248,8
DA:255,8
DA:256,16
DA:260,8
DA:261,16
DA:262,16
DA:263,16
DA:264,16
DA:272,8
DA:273,7
DA:275,7
DA:276,7
DA:278,0
DA:280,7
DA:284,7
DA:285,7
DA:286,0
DA:287,0
DA:288,0
DA:290,0
DA:294,7
DA:295,7
DA:297,0
DA:301,0
DA:302,0
DA:303,0
DA:304,0
DA:306,7
DA:310,65
DA:311,9
DA:314,65
DA:315,65
DA:316,1
DA:318,64
DA:324,65
DA:325,0
DA:326,0
DA:327,0
DA:329,65
DA:331,65
DA:332,65
DA:333,0
DA:334,0
DA:335,0
DA:336,0
DA:337,0
DA:338,0
DA:340,0
DA:344,0
DA:345,0
DA:347,0
DA:349,0
DA:352,0
DA:356,65
DA:358,65
DA:359,91
DA:360,64
DA:361,64
DA:363,27
DA:367,65
DA:370,65
DA:372,65
DA:373,65
DA:374,91
DA:375,43
DA:376,43
DA:377,43
DA:378,22
DA:379,22
DA:380,22
DA:382,22
DA:383,22
DA:384,22
DA:385,22
DA:389,22
DA:390,22
DA:391,22
DA:392,22
DA:400,22
DA:413,65
DA:414,0
DA:415,0
DA:418,65
DA:419,65
DA:420,65
DA:421,92
DA:422,0
DA:423,0
DA:424,0
DA:425,0
DA:429,0
DA:430,0
DA:431,0
DA:432,0
DA:441,92
DA:442,56
DA:443,56
DA:444,56
DA:447,56
DA:448,56
DA:449,56
DA:450,56
DA:461,65
DA:462,3
DA:463,3
DA:465,0
DA:468,62
DA:469,1
DA:470,1
DA:472,1
DA:473,0
DA:476,61
DA:480,66
DA:481,66
DA:485,66
DA:487,66
DA:489,66
DA:490,1
DA:492,65
DA:495,66
DA:499,66
DA:500,66
DA:502,66
DA:503,16
DA:504,16
DA:505,0
DA:506,0
DA:507,0
DA:509,0
DA:513,16
DA:514,0
DA:516,16
DA:518,16
DA:522,0
DA:523,0
DA:524,0
DA:525,0
DA:526,0
DA:527,0
DA:532,50
DA:533,1
DA:534,0
DA:535,0
DA:536,0
DA:538,0
DA:541,1
DA:548,50
DA:549,50
DA:550,50
DA:551,50
DA:556,25
DA:557,25
DA:558,25
DA:559,25
DA:561,0
DA:562,0
DA:564,0
DA:568,25
DA:569,25
DA:572,25
DA:573,60
DA:574,60
DA:575,60
DA:580,25
DA:581,60
DA:582,60
DA:583,44
DA:584,44
DA:585,88
DA:586,88
DA:587,46
DA:588,46
DA:589,44
DA:591,46
DA:593,46
DA:594,2
DA:595,1
DA:597,2
DA:598,2
DA:600,2
DA:603,46
DA:604,22
DA:605,22
DA:606,22
DA:607,22
DA:608,22
DA:610,22
DA:611,22
DA:613,22
DA:625,25
DA:626,60
DA:627,60
DA:628,46
DA:629,46
DA:637,25
DA:638,60
DA:639,60
DA:642,60
DA:643,22
DA:644,22
DA:645,22
DA:646,22
DA:647,22
DA:649,0
DA:650,0
DA:651,0
DA:654,0
DA:658,22
DA:662,60
DA:663,0
DA:664,0
DA:665,0
DA:667,0
DA:668,0
DA:670,0
DA:678,25
DA:679,0
DA:680,0
DA:682,25
DA:684,25
DA:685,0
DA:686,0
DA:688,25
DA:690,25
DA:693,25
DA:695,1
DA:696,1
DA:697,1
DA:698,1
DA:701,1
DA:702,1
DA:703,1
DA:704,1
DA:707,25
DA:708,25
DA:709,1
DA:712,25
DA:713,25
DA:715,25
DA:716,25
DA:717,21
DA:718,21
DA:723,1
DA:724,0
DA:727,1
DA:728,0
DA:729,0
DA:730,0
DA:731,0
DA:732,0
DA:734,0
DA:735,0
DA:736,0
DA:737,0
DA:738,0
DA:742,1
DA:743,0
DA:744,0
DA:745,0
DA:746,0
DA:747,0
DA:749,0
DA:750,0
DA:751,0
DA:755,0
DA:758,0
DA:759,0
DA:760,0
DA:763,1
DA:765,25
DA:766,25
DA:767,25
DA:768,25
DA:769,0
DA:773,25
DA:774,0
DA:778,25
DA:779,0
DA:780,0
DA:785,25
DA:786,60
DA:787,60
DA:790,25
DA:791,25
DA:792,25
DA:793,25
DA:795,0
DA:796,0
DA:798,0
DA:802,25
DA:803,25
DA:804,60
DA:805,60
DA:808,25
DA:809,25
DA:810,25
DA:814,1
LF:412
LH:253
BRDA:51,1,0,2
BRDA:51,1,1,23
BRDA:52,2,0,1
BRDA:52,2,1,24
BRDA:61,3,0,0
BRDA:61,3,1,60
BRDA:77,4,0,0
BRDA:77,4,1,0
BRDA:78,5,0,0
BRDA:78,5,1,0
BRDA:82,6,0,0
BRDA:82,6,1,0
BRDA:84,7,0,0
BRDA:84,7,1,0
BRDA:90,8,0,0
BRDA:90,8,1,0
BRDA:96,9,0,0
BRDA:96,9,1,0
BRDA:98,10,0,0
BRDA:98,10,1,0
BRDA:106,11,0,0
BRDA:106,11,1,0
BRDA:106,12,0,0
BRDA:106,12,1,0
BRDA:112,13,0,0
BRDA:112,13,1,0
BRDA:114,14,0,0
BRDA:114,14,1,0
BRDA:122,15,0,0
BRDA:122,15,1,0
BRDA:130,16,0,0
BRDA:130,16,1,0
BRDA:131,17,0,0
BRDA:131,17,1,0
BRDA:141,18,0,0
BRDA:141,18,1,0
BRDA:149,19,0,0
BRDA:149,19,1,0
BRDA:158,20,0,26
BRDA:158,20,1,34
BRDA:190,21,0,5
BRDA:190,21,1,78
BRDA:193,22,0,32
BRDA:193,22,1,51
BRDA:193,23,0,83
BRDA:193,23,1,51
BRDA:194,24,0,10
BRDA:194,24,1,22
BRDA:194,25,0,32
BRDA:194,25,1,22
BRDA:194,25,2,22
BRDA:199,26,0,0
BRDA:199,26,1,10
BRDA:200,27,0,0
BRDA:200,27,1,0
BRDA:200,28,0,0
BRDA:200,28,1,0
BRDA:202,29,0,0
BRDA:202,29,1,0
BRDA:209,30,0,0
BRDA:209,30,1,0
BRDA:220,31,0,17
BRDA:220,31,1,56
BRDA:224,32,0,0
BRDA:224,32,1,56
BRDA:229,33,0,0
BRDA:229,33,1,56
BRDA:234,34,0,28
BRDA:234,34,1,45
BRDA:237,35,0,73
BRDA:237,35,1,0
BRDA:240,36,0,73
BRDA:240,36,1,41
BRDA:244,37,0,8
BRDA:244,37,1,65
BRDA:261,38,0,16
BRDA:261,38,1,0
BRDA:263,39,0,16
BRDA:263,39,1,0
BRDA:265,40,0,16
BRDA:265,40,1,0
BRDA:272,41,0,7
BRDA:272,41,1,1
BRDA:275,42,0,7
BRDA:275,42,1,0
BRDA:282,43,0,7
BRDA:282,43,1,0
BRDA:285,44,0,0
BRDA:285,44,1,7
BRDA:285,45,0,7
BRDA:285,45,1,0
BRDA:287,46,0,0
BRDA:287,46,1,0
BRDA:294,47,0,7
BRDA:294,47,1,0
BRDA:310,48,0,9
BRDA:310,48,1,56
BRDA:314,49,0,65
BRDA:314,49,1,0
BRDA:315,50,0,1
BRDA:315,50,1,64
BRDA:324,51,0,0
BRDA:324,51,1,65
BRDA:324,52,0,65
BRDA:324,52,1,65
BRDA:332,53,0,0
BRDA:332,53,1,65
BRDA:333,54,0,0
BRDA:333,54,1,0
BRDA:335,55,0,0
BRDA:335,55,1,0
BRDA:335,56,0,0
BRDA:335,56,1,0
BRDA:337,57,0,0
BRDA:337,57,1,0
BRDA:344,58,0,0
BRDA:344,58,1,0
BRDA:359,59,0,64
BRDA:359,59,1,27
BRDA:374,60,0,43
BRDA:374,60,1,48
BRDA:376,61,0,43
BRDA:376,61,1,0
BRDA:377,62,0,22
BRDA:377,62,1,21
BRDA:380,63,0,22
BRDA:380,63,1,0
BRDA:382,64,0,22
BRDA:382,64,1,0
BRDA:384,65,0,22
BRDA:384,65,1,0
BRDA:386,66,0,22
BRDA:386,66,1,0
BRDA:389,67,0,22
BRDA:389,67,1,0
BRDA:391,68,0,22
BRDA:391,68,1,0
BRDA:393,69,0,22
BRDA:393,69,1,0
BRDA:413,70,0,0
BRDA:413,70,1,65
BRDA:421,71,0,0
BRDA:421,71,1,92
BRDA:421,72,0,92
BRDA:421,72,1,1
BRDA:422,73,0,0
BRDA:422,73,1,0
BRDA:424,74,0,0
BRDA:424,74,1,0
BRDA:426,75,0,0
BRDA:426,75,1,0
BRDA:429,76,0,0
BRDA:429,76,1,0
BRDA:431,77,0,0
BRDA:431,77,1,0
BRDA:433,78,0,0
BRDA:433,78,1,0
BRDA:441,79,0,56
BRDA:441,79,1,36
BRDA:443,80,0,56
BRDA:443,80,1,0
BRDA:445,81,0,56
BRDA:445,81,1,0
BRDA:447,82,0,56
BRDA:447,82,1,0
BRDA:449,83,0,56
BRDA:449,83,1,0
BRDA:451,84,0,56
BRDA:451,84,1,0
BRDA:461,85,0,3
BRDA:461,85,1,62
BRDA:461,86,0,65
BRDA:461,86,1,6
BRDA:463,87,0,0
BRDA:463,87,1,3
BRDA:463,88,0,3
BRDA:463,88,1,3
BRDA:463,88,2,0
BRDA:463,88,3,0
BRDA:468,89,0,1
BRDA:468,89,1,61
BRDA:468,90,0,62
BRDA:468,90,1,6
BRDA:468,90,2,1
BRDA:469,91,0,1
BRDA:469,91,1,0
BRDA:472,92,0,0
BRDA:472,92,1,1
BRDA:480,93,0,66
BRDA:480,93,1,0
BRDA:489,94,0,1
BRDA:489,94,1,65
BRDA:497,95,0,66
BRDA:497,95,1,1
BRDA:502,96,0,16
BRDA:502,96,1,50
BRDA:504,97,0,0
BRDA:504,97,1,16
BRDA:504,98,0,16
BRDA:504,98,1,0
BRDA:506,99,0,0
BRDA:506,99,1,0
BRDA:513,100,0,0
BRDA:513,100,1,16
BRDA:522,101,0,0
BRDA:522,101,1,0
BRDA:532,102,0,1
BRDA:532,102,1,49
BRDA:532,103,0,50
BRDA:532,103,1,1
BRDA:533,104,0,0
BRDA:533,104,1,1
BRDA:533,105,0,1
BRDA:533,105,1,1
BRDA:535,106,0,0
BRDA:535,106,1,0
BRDA:535,107,0,0
BRDA:535,107,1,0
BRDA:559,108,0,25
BRDA:559,108,1,0
BRDA:561,109,0,0
BRDA:561,109,1,0
BRDA:573,110,0,60
BRDA:573,110,1,0
BRDA:581,111,0,60
BRDA:581,111,1,0
BRDA:582,112,0,44
BRDA:582,112,1,16
BRDA:585,113,0,88
BRDA:585,113,1,0
BRDA:586,114,0,46
BRDA:586,114,1,42
BRDA:586,115,0,88
BRDA:586,115,1,44
BRDA:587,116,0,46
BRDA:587,116,1,0
BRDA:588,117,0,44
BRDA:588,117,1,2
BRDA:593,118,0,2
BRDA:593,118,1,44
BRDA:594,119,0,1
BRDA:594,119,1,1
BRDA:597,120,0,2
BRDA:597,120,1,0
BRDA:604,121,0,22
BRDA:604,121,1,0
BRDA:605,122,0,22
BRDA:605,122,1,0
BRDA:607,123,0,22
BRDA:607,123,1,0
BRDA:626,124,0,60
BRDA:626,124,1,0
BRDA:628,125,0,46
BRDA:628,125,1,0
BRDA:630,126,0,44
BRDA:630,126,1,2
BRDA:638,127,0,60
BRDA:638,127,1,0
BRDA:642,128,0,22
BRDA:642,128,1,38
BRDA:645,129,0,22
BRDA:645,129,1,0
BRDA:650,130,0,0
BRDA:650,130,1,0
BRDA:652,131,0,0
BRDA:652,131,1,0
BRDA:662,132,0,0
BRDA:662,132,1,60
BRDA:667,133,0,0
BRDA:667,133,1,0
BRDA:678,134,0,0
BRDA:678,134,1,25
BRDA:684,135,0,0
BRDA:684,135,1,25
BRDA:693,136,0,1
BRDA:693,136,1,24
BRDA:708,137,0,1
BRDA:708,137,1,24
BRDA:716,138,0,21
BRDA:716,138,1,4
BRDA:728,139,0,0
BRDA:728,139,1,0
BRDA:729,140,0,0
BRDA:729,140,1,0
BRDA:729,141,0,0
BRDA:729,141,1,0
BRDA:737,142,0,0
BRDA:737,142,1,0
BRDA:743,143,0,0
BRDA:743,143,1,0
BRDA:746,144,0,0
BRDA:746,144,1,0
BRDA:749,145,0,0
BRDA:749,145,1,0
BRDA:758,146,0,0
BRDA:758,146,1,0
BRDA:768,147,0,0
BRDA:768,147,1,25
BRDA:773,148,0,0
BRDA:773,148,1,25
BRDA:779,149,0,0
BRDA:779,149,1,0
BRDA:786,150,0,60
BRDA:786,150,1,0
BRDA:793,151,0,25
BRDA:793,151,1,0
BRDA:795,152,0,0
BRDA:795,152,1,0
BRDA:804,153,0,60
BRDA:804,153,1,0
BRF:310
BRH:148
end_of_record
TN:
SF:/Users/frank/Astarisx/astarisx/test/CVM_kind_spec.js
FN:11,(anonymous_1)
FN:14,(anonymous_2)
FN:143,(anonymous_3)
FN:149,(anonymous_4)
FN:155,(anonymous_5)
FN:162,(anonymous_6)
FN:168,(anonymous_7)
FN:174,(anonymous_8)
FN:181,(anonymous_9)
FN:189,(anonymous_10)
FN:196,(anonymous_11)
FN:199,(anonymous_12)
FN:205,(anonymous_13)
FN:208,(anonymous_14)
FN:210,(anonymous_15)
FN:228,(anonymous_16)
FN:247,(anonymous_17)
FN:265,(anonymous_18)
FN:273,(anonymous_19)
FN:283,(anonymous_20)
FNF:20
FNH:19
FNDA:1,(anonymous_1)
FNDA:2,(anonymous_2)
FNDA:10,(anonymous_3)
FNDA:10,(anonymous_4)
FNDA:10,(anonymous_5)
FNDA:8,(anonymous_6)
FNDA:8,(anonymous_7)
FNDA:8,(anonymous_8)
FNDA:0,(anonymous_9)
FNDA:3,(anonymous_10)
FNDA:1,(anonymous_11)
FNDA:1,(anonymous_12)
FNDA:1,(anonymous_13)
FNDA:1,(anonymous_14)
FNDA:1,(anonymous_15)
FNDA:1,(anonymous_16)
FNDA:1,(anonymous_17)
FNDA:1,(anonymous_18)
FNDA:1,(anonymous_19)
FNDA:1,(anonymous_20)
DA:1,1
DA:2,1
DA:3,1
DA:4,1
DA:5,1
DA:6,1
DA:9,1
DA:12,1
DA:15,2
DA:144,10
DA:150,10
DA:156,10
DA:163,8
DA:169,8
DA:175,8
DA:182,0
DA:187,1
DA:190,3
DA:194,1
DA:196,1
DA:197,1
DA:198,1
DA:199,1
DA:200,1
DA:203,1
DA:205,1
DA:206,1
DA:208,1
DA:210,1
DA:211,1
DA:212,1
DA:213,1
DA:214,1
DA:216,1
DA:217,1
DA:218,1
DA:219,1
DA:220,1
DA:221,1
DA:222,1
DA:223,1
DA:224,1
DA:225,1
DA:228,1
DA:229,1
DA:230,1
DA:231,1
DA:232,1
DA:234,1
DA:235,1
DA:236,1
DA:237,1
DA:238,1
DA:239,1
DA:240,1
DA:241,1
DA:242,1
DA:243,1
DA:247,1
DA:248,1
DA:249,1
DA:250,1
DA:251,1
DA:253,1
DA:254,1
DA:255,1
DA:256,1
DA:257,1
DA:258,1
DA:259,1
DA:260,1
DA:261,1
DA:262,1
DA:265,1
DA:266,1
DA:267,1
DA:269,1
DA:270,1
DA:271,1
DA:273,1
DA:274,1
DA:275,1
DA:277,1
DA:278,1
DA:279,1
DA:280,1
DA:281,1
DA:283,1
DA:284,1
DA:285,1
DA:287,1
DA:288,1
DA:289,1
DA:290,1
DA:291,1
LF:95
LH:94
BRF:0
BRH:0
end_of_record
TN:
SF:/Users/frank/Astarisx/astarisx/refImpl/mixinViewModels.js
FN:6,(anonymous_1)
FN:13,(anonymous_2)
FNF:2
FNH:2
FNDA:622,(anonymous_1)
FNDA:529,(anonymous_2)
DA:3,1
DA:7,622
DA:14,529
DA:19,1
LF:4
LH:4
BRF:0
BRH:0
end_of_record
TN:
SF:/Users/frank/Astarisx/astarisx/refImpl/personsViewModel.js
FN:5,(anonymous_1)
FN:7,(anonymous_2)
FN:18,(anonymous_3)
FN:30,(anonymous_4)
FN:32,(anonymous_5)
FN:39,(anonymous_6)
FN:167,(anonymous_7)
FN:173,(anonymous_8)
FN:180,(anonymous_9)
FN:186,(anonymous_10)
FN:192,(anonymous_11)
FN:199,(anonymous_12)
FN:205,(anonymous_13)
FN:211,(anonymous_14)
FN:218,(anonymous_15)
FN:248,(anonymous_16)
FN:261,(anonymous_17)
FN:276,(anonymous_18)
FN:281,(anonymous_19)
FN:284,(anonymous_20)
FN:306,(anonymous_21)
FN:329,(anonymous_22)
FNF:22
FNH:19
FNDA:19,(anonymous_1)
FNDA:57,(anonymous_2)
FNDA:123,(anonymous_3)
FNDA:21,(anonymous_4)
FNDA:63,(anonymous_5)
FNDA:22,(anonymous_6)
FNDA:167,(anonymous_7)
FNDA:173,(anonymous_8)
FNDA:155,(anonymous_9)
FNDA:155,(anonymous_10)
FNDA:155,(anonymous_11)
FNDA:153,(anonymous_12)
FNDA:153,(anonymous_13)
FNDA:153,(anonymous_14)
FNDA:0,(anonymous_15)
FNDA:22,(anonymous_16)
FNDA:0,(anonymous_17)
FNDA:668,(anonymous_18)
FNDA:196,(anonymous_19)
FNDA:1,(anonymous_20)
FNDA:2,(anonymous_21)
FNDA:0,(anonymous_22)
DA:1,1
DA:2,1
DA:3,1
DA:5,1
DA:6,19
DA:7,19
DA:8,57
DA:9,19
DA:10,19
DA:12,38
DA:14,19
DA:15,19
DA:18,1
DA:19,123
DA:27,1
DA:31,21
DA:32,21
DA:33,63
DA:35,21
DA:36,21
DA:37,21
DA:40,22
DA:168,167
DA:174,173
DA:181,155
DA:187,155
DA:193,155
DA:200,153
DA:206,153
DA:212,153
DA:219,0
DA:249,22
DA:262,0
DA:276,668
DA:281,196
DA:285,1
DA:287,1
DA:288,0
DA:290,0
DA:292,1
DA:293,3
DA:294,1
DA:295,1
DA:297,1
DA:300,1
DA:301,0
DA:307,2
DA:308,2
DA:310,2
DA:311,0
DA:313,0
DA:315,2
DA:316,6
DA:317,2
DA:318,2
DA:320,2
DA:323,2
DA:324,0
DA:330,0
DA:331,0
DA:333,0
DA:334,0
DA:335,0
DA:339,0
DA:340,0
DA:341,0
DA:374,1
LF:67
LH:51
BRDA:8,1,0,19
BRDA:8,1,1,38
BRDA:287,2,0,0
BRDA:287,2,1,1
BRDA:293,3,0,1
BRDA:293,3,1,2
BRDA:300,4,0,0
BRDA:300,4,1,1
BRDA:308,5,0,0
BRDA:308,5,1,2
BRDA:310,6,0,0
BRDA:310,6,1,2
BRDA:316,7,0,2
BRDA:316,7,1,4
BRDA:323,8,0,0
BRDA:323,8,1,2
BRDA:333,9,0,0
BRDA:333,9,1,0
BRDA:333,10,0,0
BRDA:333,10,1,0
BRF:20
BRH:11
end_of_record
TN:
SF:/Users/frank/Astarisx/astarisx/refImpl/personClass.js
FN:6,(anonymous_1)
FN:10,(anonymous_2)
FN:14,(anonymous_3)
FN:26,(anonymous_4)
FN:31,(anonymous_5)
FN:170,(anonymous_6)
FN:176,(anonymous_7)
FN:179,(anonymous_8)
FN:186,(anonymous_9)
FN:193,(anonymous_10)
FN:199,(anonymous_11)
FN:205,(anonymous_12)
FN:212,(anonymous_13)
FN:218,(anonymous_14)
FN:224,(anonymous_15)
FN:231,(anonymous_16)
FN:238,(anonymous_17)
FN:242,(anonymous_18)
FN:243,(anonymous_19)
FN:252,(anonymous_20)
FN:256,(anonymous_21)
FN:257,(anonymous_22)
FN:266,(anonymous_23)
FN:272,(anonymous_24)
FN:288,(anonymous_25)
FN:291,(anonymous_26)
FN:297,(anonymous_27)
FN:300,(anonymous_28)
FN:308,(anonymous_29)
FN:314,(anonymous_30)
FN:315,(anonymous_31)
FN:317,(anonymous_32)
FN:325,(anonymous_33)
FN:331,(anonymous_34)
FN:335,(anonymous_35)
FN:343,(anonymous_36)
FN:347,(anonymous_37)
FN:353,(anonymous_38)
FN:354,(anonymous_39)
FN:364,(anonymous_40)
FN:377,(anonymous_41)
FN:378,(anonymous_42)
FNF:42
FNH:28
FNDA:105,(anonymous_1)
FNDA:303,(anonymous_2)
FNDA:131,(anonymous_3)
FNDA:130,(anonymous_4)
FNDA:105,(anonymous_5)
FNDA:280,(anonymous_6)
FNDA:26,(anonymous_7)
FNDA:0,(anonymous_8)
FNDA:12,(anonymous_9)
FNDA:16,(anonymous_10)
FNDA:16,(anonymous_11)
FNDA:16,(anonymous_12)
FNDA:14,(anonymous_13)
FNDA:14,(anonymous_14)
FNDA:14,(anonymous_15)
FNDA:0,(anonymous_16)
FNDA:6,(anonymous_17)
FNDA:42,(anonymous_18)
FNDA:0,(anonymous_19)
FNDA:6,(anonymous_20)
FNDA:58,(anonymous_21)
FNDA:0,(anonymous_22)
FNDA:16,(anonymous_23)
FNDA:0,(anonymous_24)
FNDA:13,(anonymous_25)
FNDA:0,(anonymous_26)
FNDA:145,(anonymous_27)
FNDA:0,(anonymous_28)
FNDA:1,(anonymous_29)
FNDA:13,(anonymous_30)
FNDA:0,(anonymous_31)
FNDA:0,(anonymous_32)
FNDA:212,(anonymous_33)
FNDA:156,(anonymous_34)
FNDA:10,(anonymous_35)
FNDA:147,(anonymous_36)
FNDA:6,(anonymous_37)
FNDA:0,(anonymous_38)
FNDA:0,(anonymous_39)
FNDA:0,(anonymous_40)
FNDA:0,(anonymous_41)
FNDA:0,(anonymous_42)
DA:1,1
DA:2,1
DA:3,1
DA:4,1
DA:6,1
DA:7,105
DA:10,1
DA:11,303
DA:14,1
DA:15,131
DA:16,0
DA:18,131
DA:19,131
DA:20,131
DA:21,131
DA:24,1
DA:28,130
DA:30,130
DA:31,63
DA:32,105
DA:35,67
DA:37,130
DA:171,280
DA:177,26
DA:180,0
DA:187,12
DA:194,16
DA:200,16
DA:206,16
DA:213,14
DA:219,14
DA:225,14
DA:232,0
DA:239,6
DA:242,42
DA:244,0
DA:245,0
DA:246,0
DA:253,6
DA:256,58
DA:258,0
DA:259,0
DA:260,0
DA:267,16
DA:268,0
DA:270,16
DA:273,0
DA:274,0
DA:275,0
DA:276,0
DA:277,0
DA:279,0
DA:280,0
DA:282,0
DA:289,13
DA:292,0
DA:298,145
DA:301,0
DA:309,1
DA:314,13
DA:317,0
DA:318,0
DA:325,212
DA:332,156
DA:336,10
DA:344,147
DA:348,6
DA:354,0
DA:355,0
DA:356,0
DA:358,0
DA:361,0
DA:365,0
DA:366,0
DA:367,0
DA:368,0
DA:371,0
DA:372,0
DA:378,0
DA:379,0
DA:381,0
DA:389,1
LF:82
LH:46
BRDA:15,1,0,0
BRDA:15,1,1,131
BRDA:21,2,0,0
BRDA:21,2,1,131
BRDA:30,3,0,63
BRDA:30,3,1,67
BRDA:39,4,0,130
BRDA:39,4,1,0
BRDA:245,5,0,0
BRDA:245,5,1,0
BRDA:259,6,0,0
BRDA:259,6,1,0
BRDA:267,7,0,0
BRDA:267,7,1,16
BRDA:279,8,0,0
BRDA:279,8,1,0
BRDA:280,9,0,0
BRDA:280,9,1,0
BRDA:280,10,0,0
BRDA:280,10,1,0
BRDA:355,11,0,0
BRDA:355,11,1,0
BRDA:367,12,0,0
BRDA:367,12,1,0
BRF:24
BRH:6
end_of_record
TN:
SF:/Users/frank/Astarisx/astarisx/refImpl/hobbyClass.js
FN:5,(anonymous_1)
FN:13,(anonymous_2)
FN:20,(anonymous_3)
FN:23,(anonymous_4)
FNF:4
FNH:2
FNDA:105,(anonymous_1)
FNDA:105,(anonymous_2)
FNDA:0,(anonymous_3)
FNDA:0,(anonymous_4)
DA:1,1
DA:3,1
DA:6,105
DA:14,105
DA:21,0
DA:24,0
DA:30,1
LF:7
LH:5
BRDA:7,1,0,105
BRDA:7,1,1,0
BRF:2
BRH:1
end_of_record
TN:
SF:/Users/frank/Astarisx/astarisx/refImpl/contact.js
FN:5,(anonymous_1)
FN:14,(anonymous_2)
FN:17,(anonymous_3)
FN:22,(anonymous_4)
FN:25,(anonymous_5)
FN:30,(anonymous_6)
FN:33,(anonymous_7)
FNF:7
FNH:4
FNDA:309,(anonymous_1)
FNDA:564,(anonymous_2)
FNDA:0,(anonymous_3)
FNDA:536,(anonymous_4)
FNDA:0,(anonymous_5)
FNDA:536,(anonymous_6)
FNDA:0,(anonymous_7)
DA:1,1
DA:3,1
DA:6,309
DA:15,564
DA:18,0
DA:23,536
DA:26,0
DA:31,536
DA:34,0
DA:39,1
LF:10
LH:7
BRDA:7,1,0,309
BRDA:7,1,1,30
BRDA:8,2,0,309
BRDA:8,2,1,0
BRDA:9,3,0,309
BRDA:9,3,1,0
BRF:6
BRH:4
end_of_record
TN:
SF:/Users/frank/Astarisx/astarisx/refImpl/data.js
FN:2,(anonymous_1)
FN:34,(anonymous_2)
FN:48,(anonymous_3)
FNF:3
FNH:3
FNDA:21,(anonymous_1)
FNDA:63,(anonymous_2)
FNDA:189,(anonymous_3)
DA:1,1
DA:3,21
DA:35,63
DA:48,63
DA:49,189
DA:51,63
DA:55,1
LF:7
LH:7
BRDA:51,1,0,63
BRDA:51,1,1,0
BRF:2
BRH:1
end_of_record
TN:
SF:/Users/frank/Astarisx/astarisx/refImpl/hobbiesViewModel.js
FN:4,(anonymous_1)
FN:7,(anonymous_2)
FN:16,(anonymous_3)
FN:28,(anonymous_4)
FN:37,(anonymous_5)
FN:41,(anonymous_6)
FN:45,(anonymous_7)
FN:56,(anonymous_8)
FN:61,(anonymous_9)
FN:68,(anonymous_10)
FN:73,(anonymous_11)
FN:97,(anonymous_12)
FN:108,(anonymous_13)
FN:115,(anonymous_14)
FN:122,(anonymous_15)
FN:127,(anonymous_16)
FN:151,(anonymous_17)
FN:152,(anonymous_18)
FNF:18
FNH:7
FNDA:0,(anonymous_1)
FNDA:0,(anonymous_2)
FNDA:0,(anonymous_3)
FNDA:22,(anonymous_4)
FNDA:0,(anonymous_5)
FNDA:0,(anonymous_6)
FNDA:0,(anonymous_7)
FNDA:13,(anonymous_8)
FNDA:137,(anonymous_9)
FNDA:141,(anonymous_10)
FNDA:22,(anonymous_11)
FNDA:22,(anonymous_12)
FNDA:0,(anonymous_13)
FNDA:0,(anonymous_14)
FNDA:230,(anonymous_15)
FNDA:0,(anonymous_16)
FNDA:0,(anonymous_17)
FNDA:0,(anonymous_18)
DA:1,1
DA:2,1
DA:4,1
DA:6,0
DA:7,0
DA:8,0
DA:10,0
DA:11,0
DA:13,0
DA:16,0
DA:18,0
DA:28,1
DA:31,22
DA:33,0
DA:37,1
DA:38,0
DA:41,1
DA:43,0
DA:45,0
DA:46,0
DA:49,0
DA:54,1
DA:57,13
DA:62,137
DA:69,141
DA:74,22
DA:98,22
DA:109,0
DA:116,0
DA:123,230
DA:129,0
DA:130,0
DA:132,0
DA:140,0
DA:143,0
DA:152,0
DA:153,0
DA:157,1
LF:38
LH:15
BRDA:8,1,0,0
BRDA:8,1,1,0
BRDA:31,2,0,0
BRDA:31,2,1,22
BRDA:31,3,0,22
BRDA:31,3,1,0
BRDA:31,3,2,0
BRDA:31,3,3,0
BRDA:31,3,4,0
BRDA:43,4,0,0
BRDA:43,4,1,0
BRDA:43,5,0,0
BRDA:43,5,1,0
BRDA:43,5,2,0
BRDA:109,6,0,0
BRDA:109,6,1,0
BRDA:116,7,0,0
BRDA:116,7,1,0
BRDA:130,8,0,0
BRDA:130,8,1,0
BRDA:130,9,0,0
BRDA:130,9,1,0
BRDA:130,9,2,0
BRF:23
BRH:2
end_of_record
TN:
SF:/Users/frank/Astarisx/astarisx/test/CVM_with_fields_spec.js
FN:10,(anonymous_1)
FN:17,(anonymous_2)
FN:22,(anonymous_3)
FN:25,(anonymous_4)
FN:33,(anonymous_5)
FN:40,(anonymous_6)
FN:42,(anonymous_7)
FN:49,(anonymous_8)
FN:53,(anonymous_9)
FN:55,(anonymous_10)
FN:59,(anonymous_11)
FN:66,(anonymous_12)
FN:70,(anonymous_13)
FN:74,(anonymous_14)
FN:79,(anonymous_15)
FN:84,(anonymous_16)
FN:88,(anonymous_17)
FNF:17
FNH:16
FNDA:2,(anonymous_1)
FNDA:7,(anonymous_2)
FNDA:7,(anonymous_3)
FNDA:0,(anonymous_4)
FNDA:2,(anonymous_5)
FNDA:1,(anonymous_6)
FNDA:1,(anonymous_7)
FNDA:1,(anonymous_8)
FNDA:1,(anonymous_9)
FNDA:1,(anonymous_10)
FNDA:1,(anonymous_11)
FNDA:1,(anonymous_12)
FNDA:1,(anonymous_13)
FNDA:1,(anonymous_14)
FNDA:1,(anonymous_15)
FNDA:1,(anonymous_16)
FNDA:1,(anonymous_17)
DA:1,1
DA:2,1
DA:3,1
DA:4,1
DA:5,1
DA:6,1
DA:8,1
DA:11,2
DA:18,7
DA:23,7
DA:26,0
DA:31,1
DA:34,2
DA:38,1
DA:40,1
DA:41,1
DA:42,1
DA:43,1
DA:49,1
DA:50,1
DA:53,1
DA:55,1
DA:56,1
DA:59,1
DA:60,1
DA:61,1
DA:62,1
DA:63,1
DA:66,1
DA:67,1
DA:70,1
DA:71,1
DA:74,1
DA:75,1
DA:76,1
DA:79,1
DA:80,1
DA:81,1
DA:84,1
DA:85,1
DA:88,1
DA:89,1
LF:42
LH:41
BRF:0
BRH:0
end_of_record
TN:
SF:/Users/frank/Astarisx/astarisx/test/VM_dataContexts_spec.js
FN:12,(anonymous_1)
FN:16,(anonymous_2)
FN:23,(anonymous_3)
FN:30,(anonymous_4)
FN:32,(anonymous_5)
FN:37,(anonymous_6)
FN:40,(anonymous_7)
FN:41,(anonymous_8)
FN:44,(anonymous_9)
FN:47,(anonymous_10)
FN:50,(anonymous_11)
FN:56,(anonymous_12)
FN:64,(anonymous_13)
FN:67,(anonymous_14)
FN:70,(anonymous_15)
FN:73,(anonymous_16)
FN:76,(anonymous_17)
FN:79,(anonymous_18)
FN:82,(anonymous_19)
FN:85,(anonymous_20)
FN:91,(anonymous_21)
FN:93,(anonymous_22)
FN:98,(anonymous_23)
FN:101,(anonymous_24)
FN:102,(anonymous_25)
FN:105,(anonymous_26)
FN:108,(anonymous_27)
FN:111,(anonymous_28)
FN:114,(anonymous_29)
FN:117,(anonymous_30)
FN:123,(anonymous_31)
FN:125,(anonymous_32)
FN:130,(anonymous_33)
FN:133,(anonymous_34)
FN:134,(anonymous_35)
FN:137,(anonymous_36)
FN:140,(anonymous_37)
FN:143,(anonymous_38)
FN:146,(anonymous_39)
FN:149,(anonymous_40)
FN:154,(anonymous_41)
FN:156,(anonymous_42)
FN:163,(anonymous_43)
FN:166,(anonymous_44)
FN:167,(anonymous_45)
FN:170,(anonymous_46)
FN:173,(anonymous_47)
FN:176,(anonymous_48)
FN:179,(anonymous_49)
FN:182,(anonymous_50)
FN:188,(anonymous_51)
FN:190,(anonymous_52)
FN:198,(anonymous_53)
FN:201,(anonymous_54)
FN:202,(anonymous_55)
FN:205,(anonymous_56)
FN:208,(anonymous_57)
FN:211,(anonymous_58)
FN:214,(anonymous_59)
FN:217,(anonymous_60)
FN:223,(anonymous_61)
FN:225,(anonymous_62)
FN:230,(anonymous_63)
FN:233,(anonymous_64)
FN:234,(anonymous_65)
FN:237,(anonymous_66)
FN:240,(anonymous_67)
FN:243,(anonymous_68)
FN:246,(anonymous_69)
FN:249,(anonymous_70)
FN:255,(anonymous_71)
FN:257,(anonymous_72)
FN:262,(anonymous_73)
FN:265,(anonymous_74)
FN:266,(anonymous_75)
FN:269,(anonymous_76)
FN:272,(anonymous_77)
FN:275,(anonymous_78)
FN:278,(anonymous_79)
FN:281,(anonymous_80)
FN:287,(anonymous_81)
FN:289,(anonymous_82)
FN:294,(anonymous_83)
FN:297,(anonymous_84)
FN:298,(anonymous_85)
FN:301,(anonymous_86)
FN:304,(anonymous_87)
FN:307,(anonymous_88)
FN:310,(anonymous_89)
FN:313,(anonymous_90)
FN:319,(anonymous_91)
FN:321,(anonymous_92)
FN:326,(anonymous_93)
FN:329,(anonymous_94)
FN:330,(anonymous_95)
FN:333,(anonymous_96)
FN:336,(anonymous_97)
FN:339,(anonymous_98)
FN:342,(anonymous_99)
FN:345,(anonymous_100)
FN:351,(anonymous_101)
FN:353,(anonymous_102)
FN:358,(anonymous_103)
FN:361,(anonymous_104)
FN:362,(anonymous_105)
FN:365,(anonymous_106)
FN:368,(anonymous_107)
FN:371,(anonymous_108)
FN:374,(anonymous_109)
FN:377,(anonymous_110)
FN:383,(anonymous_111)
FN:385,(anonymous_112)
FN:392,(anonymous_113)
FN:395,(anonymous_114)
FN:396,(anonymous_115)
FN:400,(anonymous_116)
FN:404,(anonymous_117)
FN:408,(anonymous_118)
FN:411,(anonymous_119)
FN:414,(anonymous_120)
FN:420,(anonymous_121)
FN:422,(anonymous_122)
FN:429,(anonymous_123)
FN:432,(anonymous_124)
FN:433,(anonymous_125)
FN:437,(anonymous_126)
FN:441,(anonymous_127)
FN:444,(anonymous_128)
FN:447,(anonymous_129)
FN:450,(anonymous_130)
FN:456,(anonymous_131)
FN:458,(anonymous_132)
FN:466,(anonymous_133)
FN:469,(anonymous_134)
FN:470,(anonymous_135)
FN:474,(anonymous_136)
FN:478,(anonymous_137)
FN:482,(anonymous_138)
FN:485,(anonymous_139)
FN:488,(anonymous_140)
FN:494,(anonymous_141)
FN:496,(anonymous_142)
FN:505,(anonymous_143)
FN:508,(anonymous_144)
FN:509,(anonymous_145)
FN:513,(anonymous_146)
FN:518,(anonymous_147)
FN:524,(anonymous_148)
FN:527,(anonymous_149)
FN:530,(anonymous_150)
FN:536,(anonymous_151)
FN:538,(anonymous_152)
FN:546,(anonymous_153)
FN:549,(anonymous_154)
FN:550,(anonymous_155)
FN:554,(anonymous_156)
FN:557,(anonymous_157)
FN:561,(anonymous_158)
FN:564,(anonymous_159)
FN:567,(anonymous_160)
FN:573,(anonymous_161)
FN:575,(anonymous_162)
FN:583,(anonymous_163)
FN:586,(anonymous_164)
FN:587,(anonymous_165)
FN:591,(anonymous_166)
FN:594,(anonymous_167)
FN:598,(anonymous_168)
FN:601,(anonymous_169)
FN:604,(anonymous_170)
FNF:170
FNH:170
FNDA:276,(anonymous_1)
FNDA:16,(anonymous_2)
FNDA:54,(anonymous_3)
FNDA:1,(anonymous_4)
FNDA:1,(anonymous_5)
FNDA:1,(anonymous_6)
FNDA:1,(anonymous_7)
FNDA:1,(anonymous_8)
FNDA:1,(anonymous_9)
FNDA:1,(anonymous_10)
FNDA:1,(anonymous_11)
FNDA:1,(anonymous_12)
FNDA:1,(anonymous_13)
FNDA:1,(anonymous_14)
FNDA:1,(anonymous_15)
FNDA:1,(anonymous_16)
FNDA:1,(anonymous_17)
FNDA:1,(anonymous_18)
FNDA:1,(anonymous_19)
FNDA:1,(anonymous_20)
FNDA:1,(anonymous_21)
FNDA:1,(anonymous_22)
FNDA:1,(anonymous_23)
FNDA:1,(anonymous_24)
FNDA:1,(anonymous_25)
FNDA:1,(anonymous_26)
FNDA:1,(anonymous_27)
FNDA:1,(anonymous_28)
FNDA:1,(anonymous_29)
FNDA:1,(anonymous_30)
FNDA:1,(anonymous_31)
FNDA:1,(anonymous_32)
FNDA:1,(anonymous_33)
FNDA:1,(anonymous_34)
FNDA:1,(anonymous_35)
FNDA:1,(anonymous_36)
FNDA:1,(anonymous_37)
FNDA:1,(anonymous_38)
FNDA:1,(anonymous_39)
FNDA:1,(anonymous_40)
FNDA:1,(anonymous_41)
FNDA:1,(anonymous_42)
FNDA:1,(anonymous_43)
FNDA:1,(anonymous_44)
FNDA:1,(anonymous_45)
FNDA:1,(anonymous_46)
FNDA:1,(anonymous_47)
FNDA:1,(anonymous_48)
FNDA:1,(anonymous_49)
FNDA:1,(anonymous_50)
FNDA:1,(anonymous_51)
FNDA:1,(anonymous_52)
FNDA:1,(anonymous_53)
FNDA:1,(anonymous_54)
FNDA:1,(anonymous_55)
FNDA:1,(anonymous_56)
FNDA:1,(anonymous_57)
FNDA:1,(anonymous_58)
FNDA:1,(anonymous_59)
FNDA:1,(anonymous_60)
FNDA:1,(anonymous_61)
FNDA:1,(anonymous_62)
FNDA:1,(anonymous_63)
FNDA:1,(anonymous_64)
FNDA:1,(anonymous_65)
FNDA:1,(anonymous_66)
FNDA:1,(anonymous_67)
FNDA:1,(anonymous_68)
FNDA:1,(anonymous_69)
FNDA:1,(anonymous_70)
FNDA:1,(anonymous_71)
FNDA:1,(anonymous_72)
FNDA:1,(anonymous_73)
FNDA:1,(anonymous_74)
FNDA:1,(anonymous_75)
FNDA:1,(anonymous_76)
FNDA:1,(anonymous_77)
FNDA:1,(anonymous_78)
FNDA:1,(anonymous_79)
FNDA:1,(anonymous_80)
FNDA:1,(anonymous_81)
FNDA:1,(anonymous_82)
FNDA:1,(anonymous_83)
FNDA:1,(anonymous_84)
FNDA:1,(anonymous_85)
FNDA:1,(anonymous_86)
FNDA:1,(anonymous_87)
FNDA:1,(anonymous_88)
FNDA:1,(anonymous_89)
FNDA:1,(anonymous_90)
FNDA:1,(anonymous_91)
FNDA:1,(anonymous_92)
FNDA:1,(anonymous_93)
FNDA:1,(anonymous_94)
FNDA:1,(anonymous_95)
FNDA:1,(anonymous_96)
FNDA:1,(anonymous_97)
FNDA:1,(anonymous_98)
FNDA:1,(anonymous_99)
FNDA:1,(anonymous_100)
FNDA:1,(anonymous_101)
FNDA:1,(anonymous_102)
FNDA:1,(anonymous_103)
FNDA:1,(anonymous_104)
FNDA:1,(anonymous_105)
FNDA:1,(anonymous_106)
FNDA:1,(anonymous_107)
FNDA:1,(anonymous_108)
FNDA:1,(anonymous_109)
FNDA:1,(anonymous_110)
FNDA:1,(anonymous_111)
FNDA:1,(anonymous_112)
FNDA:1,(anonymous_113)
FNDA:1,(anonymous_114)
FNDA:1,(anonymous_115)
FNDA:1,(anonymous_116)
FNDA:1,(anonymous_117)
FNDA:1,(anonymous_118)
FNDA:1,(anonymous_119)
FNDA:1,(anonymous_120)
FNDA:1,(anonymous_121)
FNDA:1,(anonymous_122)
FNDA:1,(anonymous_123)
FNDA:1,(anonymous_124)
FNDA:1,(anonymous_125)
FNDA:1,(anonymous_126)
FNDA:1,(anonymous_127)
FNDA:1,(anonymous_128)
FNDA:1,(anonymous_129)
FNDA:1,(anonymous_130)
FNDA:1,(anonymous_131)
FNDA:1,(anonymous_132)
FNDA:1,(anonymous_133)
FNDA:1,(anonymous_134)
FNDA:1,(anonymous_135)
FNDA:1,(anonymous_136)
FNDA:1,(anonymous_137)
FNDA:1,(anonymous_138)
FNDA:1,(anonymous_139)
FNDA:1,(anonymous_140)
FNDA:1,(anonymous_141)
FNDA:1,(anonymous_142)
FNDA:1,(anonymous_143)
FNDA:1,(anonymous_144)
FNDA:1,(anonymous_145)
FNDA:1,(anonymous_146)
FNDA:1,(anonymous_147)
FNDA:1,(anonymous_148)
FNDA:1,(anonymous_149)
FNDA:1,(anonymous_150)
FNDA:1,(anonymous_151)
FNDA:1,(anonymous_152)
FNDA:1,(anonymous_153)
FNDA:1,(anonymous_154)
FNDA:1,(anonymous_155)
FNDA:1,(anonymous_156)
FNDA:1,(anonymous_157)
FNDA:1,(anonymous_158)
FNDA:1,(anonymous_159)
FNDA:1,(anonymous_160)
FNDA:1,(anonymous_161)
FNDA:1,(anonymous_162)
FNDA:1,(anonymous_163)
FNDA:1,(anonymous_164)
FNDA:1,(anonymous_165)
FNDA:1,(anonymous_166)
FNDA:1,(anonymous_167)
FNDA:1,(anonymous_168)
FNDA:1,(anonymous_169)
FNDA:1,(anonymous_170)
DA:1,1
DA:2,1
DA:3,1
DA:4,1
DA:5,1
DA:6,1
DA:8,1
DA:13,276
DA:17,16
DA:21,1
DA:24,54
DA:28,1
DA:30,1
DA:31,1
DA:32,1
DA:33,1
DA:37,1
DA:38,1
DA:40,1
DA:41,1
DA:42,1
DA:44,1
DA:45,1
DA:47,1
DA:48,1
DA:50,1
DA:51,1
DA:52,1
DA:53,1
DA:56,1
DA:59,1
DA:60,1
DA:61,1
DA:64,1
DA:65,1
DA:67,1
DA:68,1
DA:70,1
DA:71,1
DA:73,1
DA:74,1
DA:76,1
DA:77,1
DA:79,1
DA:80,1
DA:82,1
DA:83,1
DA:85,1
DA:86,1
DA:91,1
DA:92,1
DA:93,1
DA:94,1
DA:98,1
DA:99,1
DA:101,1
DA:102,1
DA:103,1
DA:105,1
DA:106,1
DA:108,1
DA:109,1
DA:111,1
DA:112,1
DA:114,1
DA:115,1
DA:117,1
DA:118,1
DA:123,1
DA:124,1
DA:125,1
DA:126,1
DA:130,1
DA:131,1
DA:133,1
DA:134,1
DA:135,1
DA:137,1
DA:138,1
DA:140,1
DA:141,1
DA:143,1
DA:144,1
DA:146,1
DA:147,1
DA:149,1
DA:150,1
DA:154,1
DA:155,1
DA:156,1
DA:157,1
DA:163,1
DA:164,1
DA:166,1
DA:167,1
DA:168,1
DA:170,1
DA:171,1
DA:173,1
DA:174,1
DA:176,1
DA:177,1
DA:179,1
DA:180,1
DA:182,1
DA:183,1
DA:188,1
DA:189,1
DA:190,1
DA:191,1
DA:198,1
DA:199,1
DA:201,1
DA:202,1
DA:203,1
DA:205,1
DA:206,1
DA:208,1
DA:209,1
DA:211,1
DA:212,1
DA:214,1
DA:215,1
DA:217,1
DA:218,1
DA:223,1
DA:224,1
DA:225,1
DA:226,1
DA:230,1
DA:231,1
DA:233,1
DA:234,1
DA:235,1
DA:237,1
DA:238,1
DA:240,1
DA:241,1
DA:243,1
DA:244,1
DA:246,1
DA:247,1
DA:249,1
DA:250,1
DA:255,1
DA:256,1
DA:257,1
DA:258,1
DA:262,1
DA:263,1
DA:265,1
DA:266,1
DA:267,1
DA:269,1
DA:270,1
DA:272,1
DA:273,1
DA:275,1
DA:276,1
DA:278,1
DA:279,1
DA:281,1
DA:282,1
DA:287,1
DA:288,1
DA:289,1
DA:290,1
DA:294,1
DA:295,1
DA:297,1
DA:298,1
DA:299,1
DA:301,1
DA:302,1
DA:304,1
DA:305,1
DA:307,1
DA:308,1
DA:310,1
DA:311,1
DA:313,1
DA:314,1
DA:319,1
DA:320,1
DA:321,1
DA:322,1
DA:326,1
DA:327,1
DA:329,1
DA:330,1
DA:331,1
DA:333,1
DA:334,1
DA:336,1
DA:337,1
DA:339,1
DA:340,1
DA:342,1
DA:343,1
DA:345,1
DA:346,1
DA:351,1
DA:352,1
DA:353,1
DA:354,1
DA:358,1
DA:359,1
DA:361,1
DA:362,1
DA:363,1
DA:365,1
DA:366,1
DA:368,1
DA:369,1
DA:371,1
DA:372,1
DA:374,1
DA:375,1
DA:377,1
DA:378,1
DA:383,1
DA:384,1
DA:385,1
DA:386,1
DA:392,1
DA:393,1
DA:395,1
DA:396,1
DA:397,1
DA:398,1
DA:400,1
DA:401,1
DA:402,1
DA:404,1
DA:405,1
DA:406,1
DA:408,1
DA:409,1
DA:411,1
DA:412,1
DA:414,1
DA:415,1
DA:420,1
DA:421,1
DA:422,1
DA:423,1
DA:429,1
DA:430,1
DA:432,1
DA:433,1
DA:434,1
DA:435,1
DA:437,1
DA:438,1
DA:439,1
DA:441,1
DA:442,1
DA:444,1
DA:445,1
DA:447,1
DA:448,1
DA:450,1
DA:451,1
DA:456,1
DA:457,1
DA:458,1
DA:459,1
DA:466,1
DA:467,1
DA:469,1
DA:470,1
DA:471,1
DA:472,1
DA:474,1
DA:475,1
DA:476,1
DA:478,1
DA:479,1
DA:480,1
DA:482,1
DA:483,1
DA:485,1
DA:486,1
DA:488,1
DA:489,1
DA:494,1
DA:495,1
DA:496,1
DA:497,1
DA:505,1
DA:506,1
DA:508,1
DA:509,1
DA:510,1
DA:511,1
DA:513,1
DA:514,1
DA:515,1
DA:518,1
DA:519,1
DA:520,1
DA:524,1
DA:525,1
DA:527,1
DA:528,1
DA:530,1
DA:531,1
DA:536,1
DA:537,1
DA:538,1
DA:539,1
DA:546,1
DA:547,1
DA:549,1
DA:550,1
DA:551,1
DA:552,1
DA:554,1
DA:555,1
DA:557,1
DA:558,1
DA:559,1
DA:561,1
DA:562,1
DA:564,1
DA:565,1
DA:567,1
DA:568,1
DA:573,1
DA:574,1
DA:575,1
DA:576,1
DA:583,1
DA:584,1
DA:586,1
DA:587,1
DA:588,1
DA:589,1
DA:591,1
DA:592,1
DA:594,1
DA:595,1
DA:596,1
DA:598,1
DA:599,1
DA:601,1
DA:602,1
DA:604,1
DA:605,1
LF:349
LH:349
BRF:0
BRH:0
end_of_record
TN:
SF:/Users/frank/Astarisx/astarisx/refImpl/mockViewModel.js
FN:4,(anonymous_1)
FN:9,(anonymous_2)
FN:16,(anonymous_3)
FNF:3
FNH:3
FNDA:8,(anonymous_1)
FNDA:24,(anonymous_2)
FNDA:29,(anonymous_3)
DA:1,1
DA:3,1
DA:5,8
DA:10,24
DA:17,29
DA:21,1
LF:6
LH:6
BRF:0
BRH:0
end_of_record
TN:
SF:/Users/frank/Astarisx/astarisx/test/model_kind_spec.js
FN:11,(anonymous_1)
FN:18,(anonymous_2)
FN:25,(anonymous_3)
FN:28,(anonymous_4)
FN:34,(anonymous_5)
FN:37,(anonymous_6)
FN:38,(anonymous_7)
FN:42,(anonymous_8)
FN:46,(anonymous_9)
FN:65,(anonymous_10)
FN:85,(anonymous_11)
FN:103,(anonymous_12)
FN:111,(anonymous_13)
FN:121,(anonymous_14)
FNF:14
FNH:14
FNDA:1,(anonymous_1)
FNDA:3,(anonymous_2)
FNDA:1,(anonymous_3)
FNDA:1,(anonymous_4)
FNDA:1,(anonymous_5)
FNDA:1,(anonymous_6)
FNDA:1,(anonymous_7)
FNDA:1,(anonymous_8)
FNDA:1,(anonymous_9)
FNDA:1,(anonymous_10)
FNDA:1,(anonymous_11)
FNDA:1,(anonymous_12)
FNDA:1,(anonymous_13)
FNDA:1,(anonymous_14)
DA:1,1
DA:2,1
DA:3,1
DA:4,1
DA:5,1
DA:6,1
DA:9,1
DA:12,1
DA:16,1
DA:19,3
DA:23,1
DA:25,1
DA:26,1
DA:27,1
DA:28,1
DA:29,1
DA:32,1
DA:34,1
DA:35,1
DA:37,1
DA:38,1
DA:39,1
DA:40,1
DA:42,1
DA:43,1
DA:46,1
DA:47,1
DA:48,1
DA:49,1
DA:50,1
DA:53,1
DA:54,1
DA:55,1
DA:56,1
DA:57,1
DA:58,1
DA:59,1
DA:60,1
DA:61,1
DA:62,1
DA:65,1
DA:66,1
DA:67,1
DA:68,1
DA:69,1
DA:72,1
DA:73,1
DA:74,1
DA:75,1
DA:76,1
DA:77,1
DA:78,1
DA:79,1
DA:80,1
DA:81,1
DA:85,1
DA:86,1
DA:87,1
DA:88,1
DA:89,1
DA:91,1
DA:92,1
DA:93,1
DA:94,1
DA:95,1
DA:96,1
DA:97,1
DA:98,1
DA:99,1
DA:100,1
DA:103,1
DA:104,1
DA:105,1
DA:107,1
DA:108,1
DA:109,1
DA:111,1
DA:112,1
DA:113,1
DA:115,1
DA:116,1
DA:117,1
DA:118,1
DA:119,1
DA:121,1
DA:122,1
DA:123,1
DA:125,1
DA:126,1
DA:127,1
DA:128,1
DA:129,1
LF:92
LH:92
BRF:0
BRH:0
end_of_record
TN:
SF:/Users/frank/Astarisx/astarisx/test/model_spec.js
FN:8,(anonymous_1)
FN:21,(anonymous_2)
FN:28,(anonymous_3)
FN:35,(anonymous_4)
FN:38,(anonymous_5)
FN:44,(anonymous_6)
FN:47,(anonymous_7)
FN:48,(anonymous_8)
FN:51,(anonymous_9)
FN:54,(anonymous_10)
FN:76,(anonymous_11)
FN:79,(anonymous_12)
FN:82,(anonymous_13)
FN:85,(anonymous_14)
FN:88,(anonymous_15)
FN:92,(anonymous_16)
FN:96,(anonymous_17)
FN:100,(anonymous_18)
FN:101,(anonymous_19)
FN:115,(anonymous_20)
FN:119,(anonymous_21)
FN:132,(anonymous_22)
FN:141,(anonymous_23)
FN:145,(anonymous_24)
FN:153,(anonymous_25)
FN:164,(anonymous_26)
FN:166,(anonymous_27)
FN:171,(anonymous_28)
FN:175,(anonymous_29)
FN:179,(anonymous_30)
FN:183,(anonymous_31)
FN:187,(anonymous_32)
FN:191,(anonymous_33)
FN:196,(anonymous_34)
FN:201,(anonymous_35)
FN:205,(anonymous_36)
FN:209,(anonymous_37)
FN:217,(anonymous_38)
FN:227,(anonymous_39)
FN:239,(anonymous_40)
FN:246,(anonymous_41)
FN:252,(anonymous_42)
FN:257,(anonymous_43)
FN:264,(anonymous_44)
FNF:44
FNH:44
FNDA:1,(anonymous_1)
FNDA:1,(anonymous_2)
FNDA:8,(anonymous_3)
FNDA:1,(anonymous_4)
FNDA:1,(anonymous_5)
FNDA:1,(anonymous_6)
FNDA:1,(anonymous_7)
FNDA:1,(anonymous_8)
FNDA:1,(anonymous_9)
FNDA:1,(anonymous_10)
FNDA:1,(anonymous_11)
FNDA:1,(anonymous_12)
FNDA:1,(anonymous_13)
FNDA:1,(anonymous_14)
FNDA:1,(anonymous_15)
FNDA:1,(anonymous_16)
FNDA:1,(anonymous_17)
FNDA:1,(anonymous_18)
FNDA:1,(anonymous_19)
FNDA:1,(anonymous_20)
FNDA:1,(anonymous_21)
FNDA:1,(anonymous_22)
FNDA:1,(anonymous_23)
FNDA:1,(anonymous_24)
FNDA:1,(anonymous_25)
FNDA:1,(anonymous_26)
FNDA:1,(anonymous_27)
FNDA:1,(anonymous_28)
FNDA:1,(anonymous_29)
FNDA:1,(anonymous_30)
FNDA:1,(anonymous_31)
FNDA:1,(anonymous_32)
FNDA:1,(anonymous_33)
FNDA:1,(anonymous_34)
FNDA:1,(anonymous_35)
FNDA:1,(anonymous_36)
FNDA:1,(anonymous_37)
FNDA:1,(anonymous_38)
FNDA:1,(anonymous_39)
FNDA:1,(anonymous_40)
FNDA:1,(anonymous_41)
FNDA:1,(anonymous_42)
FNDA:1,(anonymous_43)
FNDA:1,(anonymous_44)
DA:1,1
DA:2,1
DA:3,1
DA:4,1
DA:5,1
DA:6,1
DA:8,1
DA:9,1
DA:10,0
DA:12,1
DA:13,1
DA:14,1
DA:15,1
DA:19,1
DA:22,1
DA:26,1
DA:29,8
DA:33,1
DA:35,1
DA:36,1
DA:37,1
DA:38,1
DA:39,1
DA:42,1
DA:44,1
DA:45,1
DA:47,1
DA:48,1
DA:49,1
DA:51,1
DA:52,1
DA:54,1
DA:55,1
DA:56,1
DA:57,1
DA:59,1
DA:60,1
DA:61,1
DA:62,1
DA:63,1
DA:65,1
DA:66,1
DA:67,1
DA:69,1
DA:70,1
DA:71,1
DA:72,1
DA:73,1
DA:76,1
DA:77,1
DA:79,1
DA:80,1
DA:82,1
DA:83,1
DA:85,1
DA:86,1
DA:88,1
DA:89,1
DA:90,1
DA:92,1
DA:93,1
DA:94,1
DA:96,1
DA:97,1
DA:100,1
DA:101,1
DA:102,1
DA:103,1
DA:104,1
DA:105,1
DA:107,1
DA:109,1
DA:111,1
DA:112,1
DA:115,1
DA:117,1
DA:118,1
DA:119,1
DA:121,1
DA:122,1
DA:124,1
DA:125,1
DA:127,1
DA:128,1
DA:132,1
DA:134,1
DA:135,1
DA:137,1
DA:141,1
DA:143,1
DA:144,1
DA:145,1
DA:147,1
DA:148,1
DA:150,1
DA:151,1
DA:153,1
DA:154,1
DA:155,1
DA:156,1
DA:157,1
DA:164,1
DA:166,1
DA:167,1
DA:168,1
DA:171,1
DA:172,1
DA:175,1
DA:176,1
DA:179,1
DA:180,1
DA:183,1
DA:184,1
DA:187,1
DA:188,1
DA:191,1
DA:192,1
DA:193,1
DA:196,1
DA:197,1
DA:198,1
DA:201,1
DA:202,1
DA:205,1
DA:206,1
DA:209,1
DA:211,1
DA:212,1
DA:213,1
DA:214,1
DA:215,1
DA:216,1
DA:217,1
DA:218,1
DA:219,1
DA:220,1
DA:221,1
DA:222,1
DA:223,1
DA:225,1
DA:226,1
DA:227,1
DA:228,1
DA:229,1
DA:230,1
DA:231,1
DA:232,1
DA:233,1
DA:234,1
DA:239,1
DA:240,1
DA:241,1
DA:242,1
DA:244,1
DA:246,1
DA:247,1
DA:248,1
DA:249,1
DA:250,1
DA:252,1
DA:253,1
DA:254,1
DA:255,1
DA:257,1
DA:258,1
DA:259,1
DA:260,1
DA:261,1
DA:262,1
DA:264,1
DA:265,1
DA:266,1
DA:267,1
DA:268,1
DA:269,1
DA:270,1
LF:176
LH:175
BRDA:9,1,0,0
BRDA:9,1,1,1
BRDA:15,2,0,0
BRDA:15,2,1,1
BRF:4
BRH:2
end_of_record
TN:
SF:/Users/frank/Astarisx/astarisx/test/undo.spec.js
FN:12,(anonymous_1)
FN:15,(anonymous_2)
FN:20,(anonymous_3)
FN:28,(anonymous_4)
FN:35,(anonymous_5)
FN:38,(anonymous_6)
FN:45,(anonymous_7)
FN:49,(anonymous_8)
FN:50,(anonymous_9)
FN:52,(anonymous_10)
FN:61,(anonymous_11)
FN:63,(anonymous_12)
FN:73,(anonymous_13)
FN:79,(anonymous_14)
FN:88,(anonymous_15)
FN:100,(anonymous_16)
FN:108,(anonymous_17)
FN:116,(anonymous_18)
FN:124,(anonymous_19)
FN:133,(anonymous_20)
FN:150,(anonymous_21)
FN:154,(anonymous_22)
FN:160,(anonymous_23)
FN:169,(anonymous_24)
FN:178,(anonymous_25)
FNF:25
FNH:25
FNDA:2,(anonymous_1)
FNDA:1,(anonymous_2)
FNDA:32,(anonymous_3)
FNDA:15,(anonymous_4)
FNDA:1,(anonymous_5)
FNDA:1,(anonymous_6)
FNDA:1,(anonymous_7)
FNDA:1,(anonymous_8)
FNDA:1,(anonymous_9)
FNDA:1,(anonymous_10)
FNDA:1,(anonymous_11)
FNDA:1,(anonymous_12)
FNDA:1,(anonymous_13)
FNDA:1,(anonymous_14)
FNDA:1,(anonymous_15)
FNDA:1,(anonymous_16)
FNDA:1,(anonymous_17)
FNDA:1,(anonymous_18)
FNDA:1,(anonymous_19)
FNDA:1,(anonymous_20)
FNDA:1,(anonymous_21)
FNDA:1,(anonymous_22)
FNDA:1,(anonymous_23)
FNDA:1,(anonymous_24)
FNDA:1,(anonymous_25)
DA:1,1
DA:2,1
DA:3,1
DA:4,1
DA:5,1
DA:6,1
DA:10,1
DA:13,2
DA:16,1
DA:21,32
DA:26,1
DA:29,15
DA:33,1
DA:35,1
DA:36,1
DA:37,1
DA:38,1
DA:39,1
DA:43,1
DA:45,1
DA:46,1
DA:49,1
DA:50,1
DA:51,1
DA:52,1
DA:53,1
DA:54,1
DA:55,1
DA:56,1
DA:57,1
DA:61,1
DA:62,1
DA:63,1
DA:64,1
DA:65,1
DA:66,1
DA:67,1
DA:68,1
DA:73,1
DA:75,1
DA:76,1
DA:77,1
DA:79,1
DA:80,1
DA:81,1
DA:82,1
DA:83,1
DA:84,1
DA:85,1
DA:86,1
DA:88,1
DA:89,1
DA:90,1
DA:91,1
DA:92,1
DA:93,1
DA:94,1
DA:96,1
DA:97,1
DA:98,1
DA:100,1
DA:101,1
DA:102,1
DA:103,1
DA:104,1
DA:105,1
DA:106,1
DA:108,1
DA:109,1
DA:110,1
DA:111,1
DA:112,1
DA:113,1
DA:114,1
DA:116,1
DA:117,1
DA:118,1
DA:119,1
DA:120,1
DA:121,1
DA:122,1
DA:124,1
DA:125,1
DA:126,1
DA:127,1
DA:129,1
DA:130,1
DA:131,1
DA:132,1
DA:133,1
DA:136,1
DA:137,1
DA:138,1
DA:139,1
DA:140,1
DA:150,1
DA:152,1
DA:153,1
DA:154,1
DA:155,1
DA:156,1
DA:157,1
DA:158,1
DA:159,1
DA:160,1
DA:161,1
DA:162,1
DA:163,1
DA:165,1
DA:166,1
DA:167,1
DA:169,1
DA:170,1
DA:171,1
DA:172,1
DA:174,1
DA:175,1
DA:176,1
DA:178,1
DA:179,1
DA:180,1
DA:181,1
DA:183,1
DA:184,1
DA:185,1
DA:186,1
LF:126
LH:126
BRF:0
BRH:0
end_of_record
TN:
SF:/Users/frank/Astarisx/astarisx/test/viewModel_kind_spec.js
FN:11,(anonymous_1)
FN:18,(anonymous_2)
FN:25,(anonymous_3)
FN:28,(anonymous_4)
FN:34,(anonymous_5)
FN:37,(anonymous_6)
FN:39,(anonymous_7)
FN:58,(anonymous_8)
FN:78,(anonymous_9)
FN:96,(anonymous_10)
FN:104,(anonymous_11)
FN:114,(anonymous_12)
FNF:12
FNH:12
FNDA:1,(anonymous_1)
FNDA:3,(anonymous_2)
FNDA:1,(anonymous_3)
FNDA:1,(anonymous_4)
FNDA:1,(anonymous_5)
FNDA:1,(anonymous_6)
FNDA:1,(anonymous_7)
FNDA:1,(anonymous_8)
FNDA:1,(anonymous_9)
FNDA:1,(anonymous_10)
FNDA:1,(anonymous_11)
FNDA:1,(anonymous_12)
DA:1,1
DA:2,1
DA:3,1
DA:4,1
DA:5,1
DA:6,1
DA:9,1
DA:12,1
DA:16,1
DA:19,3
DA:23,1
DA:25,1
DA:26,1
DA:27,1
DA:28,1
DA:29,1
DA:32,1
DA:34,1
DA:35,1
DA:37,1
DA:39,1
DA:40,1
DA:41,1
DA:42,1
DA:43,1
DA:46,1
DA:47,1
DA:48,1
DA:49,1
DA:50,1
DA:51,1
DA:52,1
DA:53,1
DA:54,1
DA:55,1
DA:58,1
DA:59,1
DA:60,1
DA:61,1
DA:62,1
DA:65,1
DA:66,1
DA:67,1
DA:68,1
DA:69,1
DA:70,1
DA:71,1
DA:72,1
DA:73,1
DA:74,1
DA:78,1
DA:79,1
DA:80,1
DA:81,1
DA:82,1
DA:84,1
DA:85,1
DA:86,1
DA:87,1
DA:88,1
DA:89,1
DA:90,1
DA:91,1
DA:92,1
DA:93,1
DA:96,1
DA:97,1
DA:98,1
DA:100,1
DA:101,1
DA:102,1
DA:104,1
DA:105,1
DA:106,1
DA:108,1
DA:109,1
DA:110,1
DA:111,1
DA:112,1
DA:114,1
DA:115,1
DA:116,1
DA:118,1
DA:119,1
DA:120,1
DA:121,1
DA:122,1
LF:87
LH:87
BRF:0
BRH:0
end_of_record
